<!DOCTYPE html PUBLIC "-//W3C//DTD XHTML 1.1//EN" "https://www.w3.org/TR/xhtml11/DTD/xhtml11.dtd">
<html xmlns="https://www.w3.org/1999/xhtml">
<head>
<meta http-equiv="content-type" content="text/html; charset=UTF-8"/>
<title>TestNG Report</title>
<style type="text/css">table {margin-bottom:10px;border-collapse:collapse;empty-cells:show}th,td {border:1px solid #009;padding:.25em .5em}th {vertical-align:bottom}td {vertical-align:top}table a {font-weight:bold}.stripe td {background-color: #E6EBF9}.num {text-align:right}.passedodd td {background-color: #3F3}.passedeven td {background-color: #0A0}.skippedodd td {background-color: #DDD}.skippedeven td {background-color: #CCC}.failedodd td,.attn {background-color: #F33}.failedeven td,.stripe .attn {background-color: #D00}.stacktrace {white-space:pre;font-family:monospace}.totop {font-size:85%;text-align:center;border-bottom:2px solid #000}.invisible {display:none}</style>
</head>
<body>
<table>
<tr><th>Test</th><th># Passed</th><th># Skipped</th><th># Retried</th><th># Failed</th><th>Time (ms)</th><th>Included Groups</th><th>Excluded Groups</th></tr>
<tr><th colspan="8">Suite</th></tr>
<tr><td><a href="#t0">Test</a></td><td class="num">23</td><td class="num">0</td><td class="num">0</td><td class="num attn">11</td><td class="num">893,905</td><td></td><td></td></tr>
</table>
<table id='summary'><thead><tr><th>Class</th><th>Method</th><th>Start</th><th>Time (ms)</th></tr></thead><tbody><tr><th colspan="4">Suite</th></tr></tbody><tbody id="t0"><tr><th colspan="4">Test &#8212; failed</th></tr><tr class="failedeven"><td rowspan="1">com.qa.testScriptsCreateProfile.TestCasesCreateProfile</td><td><a href="#m0">CreateProfile_name</a></td><td rowspan="1">1677934349778</td><td rowspan="1">16527</td></tr><tr class="failedodd"><td rowspan="1">com.qa.testScriptsDeleteDownload.TestCasesDeleteDownload</td><td><a href="#m1">SendWeblinkVerification</a></td><td rowspan="1">1677934545503</td><td rowspan="1">10707</td></tr><tr class="failedeven"><td rowspan="5">com.qa.testScriptsLogin.TestCasesLogin</td><td><a href="#m2">Invalidpasswordvalidusername</a></td><td rowspan="1">1677934145456</td><td rowspan="1">4319</td></tr><tr class="failedeven"><td><a href="#m3">Invalidusernameinvalidpassword</a></td><td rowspan="1">1677934165662</td><td rowspan="1">4356</td></tr><tr class="failedeven"><td><a href="#m4">Invalidusernamevalidpassword</a></td><td rowspan="1">1677934123167</td><td rowspan="1">4420</td></tr><tr class="failedeven"><td><a href="#m5">nullpasswordvalidusername</a></td><td rowspan="1">1677934200735</td><td rowspan="1">1122</td></tr><tr class="failedeven"><td><a href="#m6">nullusernamevalidpassword</a></td><td rowspan="1">1677934184561</td><td rowspan="1">1130</td></tr><tr class="failedodd"><td rowspan="4">com.qa.testScriptsSignup.TestCasesSignup</td><td><a href="#m7">alreadyExistingEmailAddress</a></td><td rowspan="1">1677934015563</td><td rowspan="1">5750</td></tr><tr class="failedodd"><td><a href="#m8">incompleteConfirmPassword</a></td><td rowspan="1">1677934076538</td><td rowspan="1">2668</td></tr><tr class="failedodd"><td><a href="#m9">invalidPhonenumberWithCombinationOfCharactersNumbersSpecialSymbols</a></td><td rowspan="1">1677933972323</td><td rowspan="1">5780</td></tr><tr class="failedodd"><td><a href="#m10">wrongConfirmPassword</a></td><td rowspan="1">1677934058600</td><td rowspan="1">2738</td></tr><tr><th colspan="4">Test &#8212; passed</th></tr><tr class="passedeven"><td rowspan="4">com.qa.testScriptsCreateProfile.TestCasesCreateProfile</td><td><a href="#m11">CreateProfile_futuredob</a></td><td rowspan="1">1677934382505</td><td rowspan="1">17457</td></tr><tr class="passedeven"><td><a href="#m12">CreateProfile_invalidschoolname</a></td><td rowspan="1">1677934413842</td><td rowspan="1">17407</td></tr><tr class="passedeven"><td><a href="#m13">validCreateProfile</a></td><td rowspan="1">1677934240510</td><td rowspan="1">34377</td></tr><tr class="passedeven"><td><a href="#m14">validCreateProfile_option</a></td><td rowspan="1">1677934288506</td><td rowspan="1">44351</td></tr><tr class="passedodd"><td rowspan="3">com.qa.testScriptsDeleteDownload.TestCasesDeleteDownload</td><td><a href="#m15">DeleteProfileVerification</a></td><td rowspan="1">1677934570122</td><td rowspan="1">19777</td></tr><tr class="passedodd"><td><a href="#m16">DownloadResumeVerification</a></td><td rowspan="1">1677934514365</td><td rowspan="1">16726</td></tr><tr class="passedodd"><td><a href="#m17">TemplatesVerification</a></td><td rowspan="1">1677934446462</td><td rowspan="1">54471</td></tr><tr class="passedeven"><td rowspan="6">com.qa.testScriptsHomePage.TestCasesHomePage</td><td><a href="#m18">clickCreateYourResumeNow</a></td><td rowspan="1">1677933774522</td><td rowspan="1">10302</td></tr><tr class="passedeven"><td><a href="#m19">getStarted</a></td><td rowspan="1">1677933802150</td><td rowspan="1">12204</td></tr><tr class="passedeven"><td><a href="#m20">gotoAboutusPage</a></td><td rowspan="1">1677933734281</td><td rowspan="1">5112</td></tr><tr class="passedeven"><td><a href="#m21">gotoHomePage</a></td><td rowspan="1">1677933713166</td><td rowspan="1">5149</td></tr><tr class="passedeven"><td><a href="#m22">gotoTemplatesOrDesignsPage</a></td><td rowspan="1">1677933753761</td><td rowspan="1">5119</td></tr><tr class="passedeven"><td><a href="#m23">seeMoreTemplates</a></td><td rowspan="1">1677933830974</td><td rowspan="1">3077</td></tr><tr class="passedodd"><td rowspan="2">com.qa.testScriptsLogin.TestCasesLogin</td><td><a href="#m24">Loginverification</a></td><td rowspan="1">1677934094901</td><td rowspan="1">9387</td></tr><tr class="passedodd"><td><a href="#m25">verify_logout_button</a></td><td rowspan="1">1677934217180</td><td rowspan="1">9376</td></tr><tr class="passedeven"><td rowspan="8">com.qa.testScriptsSignup.TestCasesSignup</td><td><a href="#m26">invalidEmailAddress</a></td><td rowspan="1">1677933993430</td><td rowspan="1">5766</td></tr><tr class="passedeven"><td><a href="#m27">invalidPassword</a></td><td rowspan="1">1677934037690</td><td rowspan="1">5733</td></tr><tr class="passedeven"><td><a href="#m28">invalidPhonenumberWithLessthanOrGreaterthan10Numbers</a></td><td rowspan="1">1677933951914</td><td rowspan="1">5805</td></tr><tr class="passedeven"><td><a href="#m29">invalidUsernameWithGreaterthan20Characters</a></td><td rowspan="1">1677933930433</td><td rowspan="1">5794</td></tr><tr class="passedeven"><td><a href="#m30">invalidUsernameWithLessthan4Characters</a></td><td rowspan="1">1677933907447</td><td rowspan="1">5804</td></tr><tr class="passedeven"><td><a href="#m31">noData</a></td><td rowspan="1">1677933887800</td><td rowspan="1">5244</td></tr><tr class="passedeven"><td><a href="#m32">validData</a></td><td rowspan="1">1677933866632</td><td rowspan="1">6299</td></tr><tr class="passedeven"><td><a href="#m33">verifySignupNowButton</a></td><td rowspan="1">1677933849225</td><td rowspan="1">2185</td></tr></tbody>
</table>
<h2>Test</h2><h3 id="m0">com.qa.testScriptsCreateProfile.TestCasesCreateProfile#CreateProfile_name</h3><table class="result"><tr><th>Exception</th></tr><tr><td><div class="stacktrace">java.lang.AssertionError: expected [false] but found [true]
	at com.qa.testScriptsCreateProfile.TestCasesCreateProfile.CreateProfile_name(TestCasesCreateProfile.java:267)
	at java.base/java.util.ArrayList.forEach(ArrayList.java:1511)
... Removed 33 stack frames</div></td></tr></table><p class="totop"><a href="#summary">back to summary</a></p>
<h3 id="m1">com.qa.testScriptsDeleteDownload.TestCasesDeleteDownload#SendWeblinkVerification</h3><table class="result"><tr><th>Exception</th></tr><tr><td><div class="stacktrace">java.lang.AssertionError: expected [Link copied] but found [This service/api is not supported in your Browser]
	at com.qa.testScriptsDeleteDownload.TestCasesDeleteDownload.SendWeblinkVerification(TestCasesDeleteDownload.java:157)
	at java.base/java.util.ArrayList.forEach(ArrayList.java:1511)
... Removed 33 stack frames</div></td></tr></table><p class="totop"><a href="#summary">back to summary</a></p>
<h3 id="m2">com.qa.testScriptsLogin.TestCasesLogin#Invalidpasswordvalidusername</h3><table class="result"><tr><th>Exception</th></tr><tr><td><div class="stacktrace">org.openqa.selenium.NoAlertPresentException: no such alert
  (Session info: chrome=110.0.5481.178)
Build info: version: &apos;4.6.0&apos;, revision: &apos;79f1c02ae20&apos;
System info: os.name: &apos;Windows 11&apos;, os.arch: &apos;amd64&apos;, os.version: &apos;10.0&apos;, java.version: &apos;17.0.4.1&apos;
Driver info: org.openqa.selenium.chrome.ChromeDriver
Command: [f547806e6232c7e5dc39752625cf8738, getAlertText {}]
Capabilities {acceptInsecureCerts: false, browserName: chrome, browserVersion: 110.0.5481.178, chrome: {chromedriverVersion: 110.0.5481.77 (65ed616c6e8e..., userDataDir: C:\Users\Sree\AppData\Local...}, goog:chromeOptions: {debuggerAddress: localhost:51925}, networkConnectionEnabled: false, pageLoadStrategy: normal, platformName: WINDOWS, proxy: Proxy(), se:cdp: ws://localhost:51925/devtoo..., se:cdpVersion: 110.0.5481.178, setWindowRect: true, strictFileInteractability: false, timeouts: {implicit: 0, pageLoad: 300000, script: 30000}, unhandledPromptBehavior: dismiss and notify, webauthn:extension:credBlob: true, webauthn:extension:largeBlob: true, webauthn:virtualAuthenticators: true}
Session ID: f547806e6232c7e5dc39752625cf8738
	at org.openqa.selenium.remote.codec.w3c.W3CHttpResponseCodec.createException(W3CHttpResponseCodec.java:200)
	at org.openqa.selenium.remote.codec.w3c.W3CHttpResponseCodec.decode(W3CHttpResponseCodec.java:133)
	at org.openqa.selenium.remote.codec.w3c.W3CHttpResponseCodec.decode(W3CHttpResponseCodec.java:53)
	at org.openqa.selenium.remote.HttpCommandExecutor.execute(HttpCommandExecutor.java:184)
	at org.openqa.selenium.remote.service.DriverCommandExecutor.invokeExecute(DriverCommandExecutor.java:167)
	at org.openqa.selenium.remote.service.DriverCommandExecutor.execute(DriverCommandExecutor.java:142)
	at org.openqa.selenium.remote.RemoteWebDriver.execute(RemoteWebDriver.java:541)
	at org.openqa.selenium.remote.RemoteWebDriver.execute(RemoteWebDriver.java:596)
	at org.openqa.selenium.remote.RemoteWebDriver.execute(RemoteWebDriver.java:600)
	at org.openqa.selenium.remote.RemoteWebDriver$RemoteTargetLocator.alert(RemoteWebDriver.java:1078)
	at com.qa.pages.Login.alert(Login.java:97)
	at com.qa.testScriptsLogin.TestCasesLogin.Invalidpasswordvalidusername(TestCasesLogin.java:77)
	at java.base/java.util.ArrayList.forEach(ArrayList.java:1511)
... Removed 32 stack frames</div></td></tr></table><p class="totop"><a href="#summary">back to summary</a></p>
<h3 id="m3">com.qa.testScriptsLogin.TestCasesLogin#Invalidusernameinvalidpassword</h3><table class="result"><tr><th>Exception</th></tr><tr><td><div class="stacktrace">org.openqa.selenium.NoAlertPresentException: no such alert
  (Session info: chrome=110.0.5481.178)
Build info: version: &apos;4.6.0&apos;, revision: &apos;79f1c02ae20&apos;
System info: os.name: &apos;Windows 11&apos;, os.arch: &apos;amd64&apos;, os.version: &apos;10.0&apos;, java.version: &apos;17.0.4.1&apos;
Driver info: org.openqa.selenium.chrome.ChromeDriver
Command: [3090253570ce853652f33ee300573955, getAlertText {}]
Capabilities {acceptInsecureCerts: false, browserName: chrome, browserVersion: 110.0.5481.178, chrome: {chromedriverVersion: 110.0.5481.77 (65ed616c6e8e..., userDataDir: C:\Users\Sree\AppData\Local...}, goog:chromeOptions: {debuggerAddress: localhost:51960}, networkConnectionEnabled: false, pageLoadStrategy: normal, platformName: WINDOWS, proxy: Proxy(), se:cdp: ws://localhost:51960/devtoo..., se:cdpVersion: 110.0.5481.178, setWindowRect: true, strictFileInteractability: false, timeouts: {implicit: 0, pageLoad: 300000, script: 30000}, unhandledPromptBehavior: dismiss and notify, webauthn:extension:credBlob: true, webauthn:extension:largeBlob: true, webauthn:virtualAuthenticators: true}
Session ID: 3090253570ce853652f33ee300573955
	at org.openqa.selenium.remote.codec.w3c.W3CHttpResponseCodec.createException(W3CHttpResponseCodec.java:200)
	at org.openqa.selenium.remote.codec.w3c.W3CHttpResponseCodec.decode(W3CHttpResponseCodec.java:133)
	at org.openqa.selenium.remote.codec.w3c.W3CHttpResponseCodec.decode(W3CHttpResponseCodec.java:53)
	at org.openqa.selenium.remote.HttpCommandExecutor.execute(HttpCommandExecutor.java:184)
	at org.openqa.selenium.remote.service.DriverCommandExecutor.invokeExecute(DriverCommandExecutor.java:167)
	at org.openqa.selenium.remote.service.DriverCommandExecutor.execute(DriverCommandExecutor.java:142)
	at org.openqa.selenium.remote.RemoteWebDriver.execute(RemoteWebDriver.java:541)
	at org.openqa.selenium.remote.RemoteWebDriver.execute(RemoteWebDriver.java:596)
	at org.openqa.selenium.remote.RemoteWebDriver.execute(RemoteWebDriver.java:600)
	at org.openqa.selenium.remote.RemoteWebDriver$RemoteTargetLocator.alert(RemoteWebDriver.java:1078)
	at com.qa.pages.Login.alert(Login.java:97)
	at com.qa.testScriptsLogin.TestCasesLogin.Invalidusernameinvalidpassword(TestCasesLogin.java:104)
	at java.base/java.util.ArrayList.forEach(ArrayList.java:1511)
... Removed 32 stack frames</div></td></tr></table><p class="totop"><a href="#summary">back to summary</a></p>
<h3 id="m4">com.qa.testScriptsLogin.TestCasesLogin#Invalidusernamevalidpassword</h3><table class="result"><tr><th>Exception</th></tr><tr><td><div class="stacktrace">org.openqa.selenium.NoAlertPresentException: no such alert
  (Session info: chrome=110.0.5481.178)
Build info: version: &apos;4.6.0&apos;, revision: &apos;79f1c02ae20&apos;
System info: os.name: &apos;Windows 11&apos;, os.arch: &apos;amd64&apos;, os.version: &apos;10.0&apos;, java.version: &apos;17.0.4.1&apos;
Driver info: org.openqa.selenium.chrome.ChromeDriver
Command: [8f718fda77a7c0787314fc25f8465175, getAlertText {}]
Capabilities {acceptInsecureCerts: false, browserName: chrome, browserVersion: 110.0.5481.178, chrome: {chromedriverVersion: 110.0.5481.77 (65ed616c6e8e..., userDataDir: C:\Users\Sree\AppData\Local...}, goog:chromeOptions: {debuggerAddress: localhost:51889}, networkConnectionEnabled: false, pageLoadStrategy: normal, platformName: WINDOWS, proxy: Proxy(), se:cdp: ws://localhost:51889/devtoo..., se:cdpVersion: 110.0.5481.178, setWindowRect: true, strictFileInteractability: false, timeouts: {implicit: 0, pageLoad: 300000, script: 30000}, unhandledPromptBehavior: dismiss and notify, webauthn:extension:credBlob: true, webauthn:extension:largeBlob: true, webauthn:virtualAuthenticators: true}
Session ID: 8f718fda77a7c0787314fc25f8465175
	at org.openqa.selenium.remote.codec.w3c.W3CHttpResponseCodec.createException(W3CHttpResponseCodec.java:200)
	at org.openqa.selenium.remote.codec.w3c.W3CHttpResponseCodec.decode(W3CHttpResponseCodec.java:133)
	at org.openqa.selenium.remote.codec.w3c.W3CHttpResponseCodec.decode(W3CHttpResponseCodec.java:53)
	at org.openqa.selenium.remote.HttpCommandExecutor.execute(HttpCommandExecutor.java:184)
	at org.openqa.selenium.remote.service.DriverCommandExecutor.invokeExecute(DriverCommandExecutor.java:167)
	at org.openqa.selenium.remote.service.DriverCommandExecutor.execute(DriverCommandExecutor.java:142)
	at org.openqa.selenium.remote.RemoteWebDriver.execute(RemoteWebDriver.java:541)
	at org.openqa.selenium.remote.RemoteWebDriver.execute(RemoteWebDriver.java:596)
	at org.openqa.selenium.remote.RemoteWebDriver.execute(RemoteWebDriver.java:600)
	at org.openqa.selenium.remote.RemoteWebDriver$RemoteTargetLocator.alert(RemoteWebDriver.java:1078)
	at com.qa.pages.Login.alert(Login.java:97)
	at com.qa.testScriptsLogin.TestCasesLogin.Invalidusernamevalidpassword(TestCasesLogin.java:54)
	at java.base/java.util.ArrayList.forEach(ArrayList.java:1511)
... Removed 32 stack frames</div></td></tr></table><p class="totop"><a href="#summary">back to summary</a></p>
<h3 id="m5">com.qa.testScriptsLogin.TestCasesLogin#nullpasswordvalidusername</h3><table class="result"><tr><th>Exception</th></tr><tr><td><div class="stacktrace">org.openqa.selenium.NoAlertPresentException: no such alert
  (Session info: chrome=110.0.5481.178)
Build info: version: &apos;4.6.0&apos;, revision: &apos;79f1c02ae20&apos;
System info: os.name: &apos;Windows 11&apos;, os.arch: &apos;amd64&apos;, os.version: &apos;10.0&apos;, java.version: &apos;17.0.4.1&apos;
Driver info: org.openqa.selenium.chrome.ChromeDriver
Command: [4b263d3ac0c9527bb211d627a5655f0b, getAlertText {}]
Capabilities {acceptInsecureCerts: false, browserName: chrome, browserVersion: 110.0.5481.178, chrome: {chromedriverVersion: 110.0.5481.77 (65ed616c6e8e..., userDataDir: C:\Users\Sree\AppData\Local...}, goog:chromeOptions: {debuggerAddress: localhost:52025}, networkConnectionEnabled: false, pageLoadStrategy: normal, platformName: WINDOWS, proxy: Proxy(), se:cdp: ws://localhost:52025/devtoo..., se:cdpVersion: 110.0.5481.178, setWindowRect: true, strictFileInteractability: false, timeouts: {implicit: 0, pageLoad: 300000, script: 30000}, unhandledPromptBehavior: dismiss and notify, webauthn:extension:credBlob: true, webauthn:extension:largeBlob: true, webauthn:virtualAuthenticators: true}
Session ID: 4b263d3ac0c9527bb211d627a5655f0b
	at org.openqa.selenium.remote.codec.w3c.W3CHttpResponseCodec.createException(W3CHttpResponseCodec.java:200)
	at org.openqa.selenium.remote.codec.w3c.W3CHttpResponseCodec.decode(W3CHttpResponseCodec.java:133)
	at org.openqa.selenium.remote.codec.w3c.W3CHttpResponseCodec.decode(W3CHttpResponseCodec.java:53)
	at org.openqa.selenium.remote.HttpCommandExecutor.execute(HttpCommandExecutor.java:184)
	at org.openqa.selenium.remote.service.DriverCommandExecutor.invokeExecute(DriverCommandExecutor.java:167)
	at org.openqa.selenium.remote.service.DriverCommandExecutor.execute(DriverCommandExecutor.java:142)
	at org.openqa.selenium.remote.RemoteWebDriver.execute(RemoteWebDriver.java:541)
	at org.openqa.selenium.remote.RemoteWebDriver.execute(RemoteWebDriver.java:596)
	at org.openqa.selenium.remote.RemoteWebDriver.execute(RemoteWebDriver.java:600)
	at org.openqa.selenium.remote.RemoteWebDriver$RemoteTargetLocator.alert(RemoteWebDriver.java:1078)
	at com.qa.pages.Login.alert(Login.java:97)
	at com.qa.testScriptsLogin.TestCasesLogin.nullpasswordvalidusername(TestCasesLogin.java:142)
	at java.base/java.util.ArrayList.forEach(ArrayList.java:1511)
... Removed 32 stack frames</div></td></tr></table><p class="totop"><a href="#summary">back to summary</a></p>
<h3 id="m6">com.qa.testScriptsLogin.TestCasesLogin#nullusernamevalidpassword</h3><table class="result"><tr><th>Exception</th></tr><tr><td><div class="stacktrace">org.openqa.selenium.NoAlertPresentException: no such alert
  (Session info: chrome=110.0.5481.178)
Build info: version: &apos;4.6.0&apos;, revision: &apos;79f1c02ae20&apos;
System info: os.name: &apos;Windows 11&apos;, os.arch: &apos;amd64&apos;, os.version: &apos;10.0&apos;, java.version: &apos;17.0.4.1&apos;
Driver info: org.openqa.selenium.chrome.ChromeDriver
Command: [f047a5e5293582b1e6bb0c926664064d, getAlertText {}]
Capabilities {acceptInsecureCerts: false, browserName: chrome, browserVersion: 110.0.5481.178, chrome: {chromedriverVersion: 110.0.5481.77 (65ed616c6e8e..., userDataDir: C:\Users\Sree\AppData\Local...}, goog:chromeOptions: {debuggerAddress: localhost:51994}, networkConnectionEnabled: false, pageLoadStrategy: normal, platformName: WINDOWS, proxy: Proxy(), se:cdp: ws://localhost:51994/devtoo..., se:cdpVersion: 110.0.5481.178, setWindowRect: true, strictFileInteractability: false, timeouts: {implicit: 0, pageLoad: 300000, script: 30000}, unhandledPromptBehavior: dismiss and notify, webauthn:extension:credBlob: true, webauthn:extension:largeBlob: true, webauthn:virtualAuthenticators: true}
Session ID: f047a5e5293582b1e6bb0c926664064d
	at org.openqa.selenium.remote.codec.w3c.W3CHttpResponseCodec.createException(W3CHttpResponseCodec.java:200)
	at org.openqa.selenium.remote.codec.w3c.W3CHttpResponseCodec.decode(W3CHttpResponseCodec.java:133)
	at org.openqa.selenium.remote.codec.w3c.W3CHttpResponseCodec.decode(W3CHttpResponseCodec.java:53)
	at org.openqa.selenium.remote.HttpCommandExecutor.execute(HttpCommandExecutor.java:184)
	at org.openqa.selenium.remote.service.DriverCommandExecutor.invokeExecute(DriverCommandExecutor.java:167)
	at org.openqa.selenium.remote.service.DriverCommandExecutor.execute(DriverCommandExecutor.java:142)
	at org.openqa.selenium.remote.RemoteWebDriver.execute(RemoteWebDriver.java:541)
	at org.openqa.selenium.remote.RemoteWebDriver.execute(RemoteWebDriver.java:596)
	at org.openqa.selenium.remote.RemoteWebDriver.execute(RemoteWebDriver.java:600)
	at org.openqa.selenium.remote.RemoteWebDriver$RemoteTargetLocator.alert(RemoteWebDriver.java:1078)
	at com.qa.pages.Login.alert(Login.java:97)
	at com.qa.testScriptsLogin.TestCasesLogin.nullusernamevalidpassword(TestCasesLogin.java:123)
	at java.base/java.util.ArrayList.forEach(ArrayList.java:1511)
... Removed 32 stack frames</div></td></tr></table><p class="totop"><a href="#summary">back to summary</a></p>
<h3 id="m7">com.qa.testScriptsSignup.TestCasesSignup#alreadyExistingEmailAddress</h3><table class="result"><tr><th>Exception</th></tr><tr><td><div class="stacktrace">java.lang.AssertionError: expected [Email address is already existing!] but found [New user added]
	at com.qa.testScriptsSignup.TestCasesSignup.alreadyExistingEmailAddress(TestCasesSignup.java:261)
	at java.base/java.util.ArrayList.forEach(ArrayList.java:1511)
... Removed 33 stack frames</div></td></tr></table><p class="totop"><a href="#summary">back to summary</a></p>
<h3 id="m8">com.qa.testScriptsSignup.TestCasesSignup#incompleteConfirmPassword</h3><table class="result"><tr><th>Exception</th></tr><tr><td><div class="stacktrace">org.openqa.selenium.NoAlertPresentException: no such alert
  (Session info: chrome=110.0.5481.178)
Build info: version: &apos;4.6.0&apos;, revision: &apos;79f1c02ae20&apos;
System info: os.name: &apos;Windows 11&apos;, os.arch: &apos;amd64&apos;, os.version: &apos;10.0&apos;, java.version: &apos;17.0.4.1&apos;
Driver info: org.openqa.selenium.chrome.ChromeDriver
Command: [b0d874d15c0d00f0a598ebb918111508, getAlertText {}]
Capabilities {acceptInsecureCerts: false, browserName: chrome, browserVersion: 110.0.5481.178, chrome: {chromedriverVersion: 110.0.5481.77 (65ed616c6e8e..., userDataDir: C:\Users\Sree\AppData\Local...}, goog:chromeOptions: {debuggerAddress: localhost:51828}, networkConnectionEnabled: false, pageLoadStrategy: normal, platformName: WINDOWS, proxy: Proxy(), se:cdp: ws://localhost:51828/devtoo..., se:cdpVersion: 110.0.5481.178, setWindowRect: true, strictFileInteractability: false, timeouts: {implicit: 0, pageLoad: 300000, script: 30000}, unhandledPromptBehavior: dismiss and notify, webauthn:extension:credBlob: true, webauthn:extension:largeBlob: true, webauthn:virtualAuthenticators: true}
Session ID: b0d874d15c0d00f0a598ebb918111508
	at org.openqa.selenium.remote.codec.w3c.W3CHttpResponseCodec.createException(W3CHttpResponseCodec.java:200)
	at org.openqa.selenium.remote.codec.w3c.W3CHttpResponseCodec.decode(W3CHttpResponseCodec.java:133)
	at org.openqa.selenium.remote.codec.w3c.W3CHttpResponseCodec.decode(W3CHttpResponseCodec.java:53)
	at org.openqa.selenium.remote.HttpCommandExecutor.execute(HttpCommandExecutor.java:184)
	at org.openqa.selenium.remote.service.DriverCommandExecutor.invokeExecute(DriverCommandExecutor.java:167)
	at org.openqa.selenium.remote.service.DriverCommandExecutor.execute(DriverCommandExecutor.java:142)
	at org.openqa.selenium.remote.RemoteWebDriver.execute(RemoteWebDriver.java:541)
	at org.openqa.selenium.remote.RemoteWebDriver.execute(RemoteWebDriver.java:596)
	at org.openqa.selenium.remote.RemoteWebDriver.execute(RemoteWebDriver.java:600)
	at org.openqa.selenium.remote.RemoteWebDriver$RemoteTargetLocator.alert(RemoteWebDriver.java:1078)
	at com.qa.pages.SignUp.alert(SignUp.java:262)
	at com.qa.testScriptsSignup.TestCasesSignup.incompleteConfirmPassword(TestCasesSignup.java:349)
	at java.base/java.util.ArrayList.forEach(ArrayList.java:1511)
... Removed 32 stack frames</div></td></tr></table><p class="totop"><a href="#summary">back to summary</a></p>
<h3 id="m9">com.qa.testScriptsSignup.TestCasesSignup#invalidPhonenumberWithCombinationOfCharactersNumbersSpecialSymbols</h3><table class="result"><tr><th>Exception</th></tr><tr><td><div class="stacktrace">java.lang.AssertionError: expected [Invalid Phone number!] but found [New user added]
	at com.qa.testScriptsSignup.TestCasesSignup.invalidPhonenumberWithCombinationOfCharactersNumbersSpecialSymbols(TestCasesSignup.java:203)
	at java.base/java.util.ArrayList.forEach(ArrayList.java:1511)
... Removed 33 stack frames</div></td></tr></table><p class="totop"><a href="#summary">back to summary</a></p>
<h3 id="m10">com.qa.testScriptsSignup.TestCasesSignup#wrongConfirmPassword</h3><table class="result"><tr><th>Exception</th></tr><tr><td><div class="stacktrace">org.openqa.selenium.NoAlertPresentException: no such alert
  (Session info: chrome=110.0.5481.178)
Build info: version: &apos;4.6.0&apos;, revision: &apos;79f1c02ae20&apos;
System info: os.name: &apos;Windows 11&apos;, os.arch: &apos;amd64&apos;, os.version: &apos;10.0&apos;, java.version: &apos;17.0.4.1&apos;
Driver info: org.openqa.selenium.chrome.ChromeDriver
Command: [fc62f8d46dd661475192243c5dfd835e, getAlertText {}]
Capabilities {acceptInsecureCerts: false, browserName: chrome, browserVersion: 110.0.5481.178, chrome: {chromedriverVersion: 110.0.5481.77 (65ed616c6e8e..., userDataDir: C:\Users\Sree\AppData\Local...}, goog:chromeOptions: {debuggerAddress: localhost:51797}, networkConnectionEnabled: false, pageLoadStrategy: normal, platformName: WINDOWS, proxy: Proxy(), se:cdp: ws://localhost:51797/devtoo..., se:cdpVersion: 110.0.5481.178, setWindowRect: true, strictFileInteractability: false, timeouts: {implicit: 0, pageLoad: 300000, script: 30000}, unhandledPromptBehavior: dismiss and notify, webauthn:extension:credBlob: true, webauthn:extension:largeBlob: true, webauthn:virtualAuthenticators: true}
Session ID: fc62f8d46dd661475192243c5dfd835e
	at org.openqa.selenium.remote.codec.w3c.W3CHttpResponseCodec.createException(W3CHttpResponseCodec.java:200)
	at org.openqa.selenium.remote.codec.w3c.W3CHttpResponseCodec.decode(W3CHttpResponseCodec.java:133)
	at org.openqa.selenium.remote.codec.w3c.W3CHttpResponseCodec.decode(W3CHttpResponseCodec.java:53)
	at org.openqa.selenium.remote.HttpCommandExecutor.execute(HttpCommandExecutor.java:184)
	at org.openqa.selenium.remote.service.DriverCommandExecutor.invokeExecute(DriverCommandExecutor.java:167)
	at org.openqa.selenium.remote.service.DriverCommandExecutor.execute(DriverCommandExecutor.java:142)
	at org.openqa.selenium.remote.RemoteWebDriver.execute(RemoteWebDriver.java:541)
	at org.openqa.selenium.remote.RemoteWebDriver.execute(RemoteWebDriver.java:596)
	at org.openqa.selenium.remote.RemoteWebDriver.execute(RemoteWebDriver.java:600)
	at org.openqa.selenium.remote.RemoteWebDriver$RemoteTargetLocator.alert(RemoteWebDriver.java:1078)
	at com.qa.pages.SignUp.alert(SignUp.java:262)
	at com.qa.testScriptsSignup.TestCasesSignup.wrongConfirmPassword(TestCasesSignup.java:320)
	at java.base/java.util.ArrayList.forEach(ArrayList.java:1511)
... Removed 32 stack frames</div></td></tr></table><p class="totop"><a href="#summary">back to summary</a></p>
<h3 id="m11">com.qa.testScriptsCreateProfile.TestCasesCreateProfile#CreateProfile_futuredob</h3><table class="result"><tr><th class="invisible"/></tr></table><p class="totop"><a href="#summary">back to summary</a></p>
<h3 id="m12">com.qa.testScriptsCreateProfile.TestCasesCreateProfile#CreateProfile_invalidschoolname</h3><table class="result"><tr><th class="invisible"/></tr></table><p class="totop"><a href="#summary">back to summary</a></p>
<h3 id="m13">com.qa.testScriptsCreateProfile.TestCasesCreateProfile#validCreateProfile</h3><table class="result"><tr><th class="invisible"/></tr></table><p class="totop"><a href="#summary">back to summary</a></p>
<h3 id="m14">com.qa.testScriptsCreateProfile.TestCasesCreateProfile#validCreateProfile_option</h3><table class="result"><tr><th class="invisible"/></tr></table><p class="totop"><a href="#summary">back to summary</a></p>
<h3 id="m15">com.qa.testScriptsDeleteDownload.TestCasesDeleteDownload#DeleteProfileVerification</h3><table class="result"><tr><th class="invisible"/></tr></table><p class="totop"><a href="#summary">back to summary</a></p>
<h3 id="m16">com.qa.testScriptsDeleteDownload.TestCasesDeleteDownload#DownloadResumeVerification</h3><table class="result"><tr><th class="invisible"/></tr></table><p class="totop"><a href="#summary">back to summary</a></p>
<h3 id="m17">com.qa.testScriptsDeleteDownload.TestCasesDeleteDownload#TemplatesVerification</h3><table class="result"><tr><th class="invisible"/></tr></table><p class="totop"><a href="#summary">back to summary</a></p>
<h3 id="m18">com.qa.testScriptsHomePage.TestCasesHomePage#clickCreateYourResumeNow</h3><table class="result"><tr><th class="invisible"/></tr></table><p class="totop"><a href="#summary">back to summary</a></p>
<h3 id="m19">com.qa.testScriptsHomePage.TestCasesHomePage#getStarted</h3><table class="result"><tr><th class="invisible"/></tr></table><p class="totop"><a href="#summary">back to summary</a></p>
<h3 id="m20">com.qa.testScriptsHomePage.TestCasesHomePage#gotoAboutusPage</h3><table class="result"><tr><th class="invisible"/></tr></table><p class="totop"><a href="#summary">back to summary</a></p>
<h3 id="m21">com.qa.testScriptsHomePage.TestCasesHomePage#gotoHomePage</h3><table class="result"><tr><th class="invisible"/></tr></table><p class="totop"><a href="#summary">back to summary</a></p>
<h3 id="m22">com.qa.testScriptsHomePage.TestCasesHomePage#gotoTemplatesOrDesignsPage</h3><table class="result"><tr><th class="invisible"/></tr></table><p class="totop"><a href="#summary">back to summary</a></p>
<h3 id="m23">com.qa.testScriptsHomePage.TestCasesHomePage#seeMoreTemplates</h3><table class="result"><tr><th class="invisible"/></tr></table><p class="totop"><a href="#summary">back to summary</a></p>
<h3 id="m24">com.qa.testScriptsLogin.TestCasesLogin#Loginverification</h3><table class="result"><tr><th class="invisible"/></tr></table><p class="totop"><a href="#summary">back to summary</a></p>
<h3 id="m25">com.qa.testScriptsLogin.TestCasesLogin#verify_logout_button</h3><table class="result"><tr><th class="invisible"/></tr></table><p class="totop"><a href="#summary">back to summary</a></p>
<h3 id="m26">com.qa.testScriptsSignup.TestCasesSignup#invalidEmailAddress</h3><table class="result"><tr><th class="invisible"/></tr></table><p class="totop"><a href="#summary">back to summary</a></p>
<h3 id="m27">com.qa.testScriptsSignup.TestCasesSignup#invalidPassword</h3><table class="result"><tr><th class="invisible"/></tr></table><p class="totop"><a href="#summary">back to summary</a></p>
<h3 id="m28">com.qa.testScriptsSignup.TestCasesSignup#invalidPhonenumberWithLessthanOrGreaterthan10Numbers</h3><table class="result"><tr><th class="invisible"/></tr></table><p class="totop"><a href="#summary">back to summary</a></p>
<h3 id="m29">com.qa.testScriptsSignup.TestCasesSignup#invalidUsernameWithGreaterthan20Characters</h3><table class="result"><tr><th class="invisible"/></tr></table><p class="totop"><a href="#summary">back to summary</a></p>
<h3 id="m30">com.qa.testScriptsSignup.TestCasesSignup#invalidUsernameWithLessthan4Characters</h3><table class="result"><tr><th class="invisible"/></tr></table><p class="totop"><a href="#summary">back to summary</a></p>
<h3 id="m31">com.qa.testScriptsSignup.TestCasesSignup#noData</h3><table class="result"><tr><th class="invisible"/></tr></table><p class="totop"><a href="#summary">back to summary</a></p>
<h3 id="m32">com.qa.testScriptsSignup.TestCasesSignup#validData</h3><table class="result"><tr><th class="invisible"/></tr></table><p class="totop"><a href="#summary">back to summary</a></p>
<h3 id="m33">com.qa.testScriptsSignup.TestCasesSignup#verifySignupNowButton</h3><table class="result"><tr><th class="invisible"/></tr></table><p class="totop"><a href="#summary">back to summary</a></p>
</body>
</html>
