<!DOCTYPE html>

<html>
  <head>
  <meta charset='utf-8'>
  <title>TestNG reports</title>

    <link type="text/css" href="testng-reports1.css" rel="stylesheet" id="ultra" />
    <link type="text/css" href="testng-reports.css" rel="stylesheet" id="retro" disabled="false"/>
    <script type="text/javascript" src="jquery.min.js"></script>
    <script type="text/javascript" src="testng-reports.js"></script>
    <script type="text/javascript" src="https://www.google.com/jsapi"></script>
    <script type='text/javascript'>
      google.load('visualization', '1', {packages:['table']});
      google.setOnLoadCallback(drawTable);
      var suiteTableInitFunctions = new Array();
      var suiteTableData = new Array();
    </script>
    <!--
      <script type="text/javascript" src="jquery-ui/js/jquery-ui-1.8.16.custom.min.js"></script>
     -->
  </head>

  <body>
    <div class="top-banner-root">
      <span class="top-banner-title-font">Test results</span>
      <button id="button" class="button">Switch Retro Theme</button> <!-- button -->
      <br/>
      <span class="top-banner-font-1">1 suite, 14 failed tests</span>
    </div> <!-- top-banner-root -->
    <div class="navigator-root">
      <div class="navigator-suite-header">
        <span>All suites</span>
        <a href="#" title="Collapse/expand all the suites" class="collapse-all-link">
          <img src="collapseall.gif" class="collapse-all-icon">
          </img> <!-- collapse-all-icon -->
        </a> <!-- collapse-all-link -->
      </div> <!-- navigator-suite-header -->
      <div class="suite">
        <div class="rounded-window">
          <div class="suite-header light-rounded-window-top">
            <a href="#" panel-name="suite-Digital_Resume_Builder_Suite" class="navigator-link">
              <span class="suite-name border-failed">Digital Resume Builder Suite</span>
            </a> <!-- navigator-link -->
          </div> <!-- suite-header light-rounded-window-top -->
          <div class="navigator-suite-content">
            <div class="suite-section-title">
              <span>Info</span>
            </div> <!-- suite-section-title -->
            <div class="suite-section-content">
              <ul>
                <li>
                  <a href="#" panel-name="test-xml-Digital_Resume_Builder_Suite" class="navigator-link ">
                    <span>D:\Git_Repository\DigitalResumeBuilder\DigitalResumeBuilder\testng.xml</span>
                  </a> <!-- navigator-link  -->
                </li>
                <li>
                  <a href="#" panel-name="testlist-Digital_Resume_Builder_Suite" class="navigator-link ">
                    <span class="test-stats">1 test</span>
                  </a> <!-- navigator-link  -->
                </li>
                <li>
                  <a href="#" panel-name="group-Digital_Resume_Builder_Suite" class="navigator-link ">
                    <span>0 groups</span>
                  </a> <!-- navigator-link  -->
                </li>
                <li>
                  <a href="#" panel-name="times-Digital_Resume_Builder_Suite" class="navigator-link ">
                    <span>Times</span>
                  </a> <!-- navigator-link  -->
                </li>
                <li>
                  <a href="#" panel-name="reporter-Digital_Resume_Builder_Suite" class="navigator-link ">
                    <span>Reporter output</span>
                  </a> <!-- navigator-link  -->
                </li>
                <li>
                  <a href="#" panel-name="ignored-methods-Digital_Resume_Builder_Suite" class="navigator-link ">
                    <span>Ignored methods</span>
                  </a> <!-- navigator-link  -->
                </li>
                <li>
                  <a href="#" panel-name="chronological-Digital_Resume_Builder_Suite" class="navigator-link ">
                    <span>Chronological view</span>
                  </a> <!-- navigator-link  -->
                </li>
              </ul>
            </div> <!-- suite-section-content -->
            <div class="result-section">
              <div class="suite-section-title">
                <span>Results</span>
              </div> <!-- suite-section-title -->
              <div class="suite-section-content">
                <ul>
                  <li>
                    <span class="method-stats">38 methods, 14 failed,   24 passed</span>
                  </li>
                  <li>
                    <span class="method-list-title failed">Failed methods</span>
                    <span class="show-or-hide-methods failed">
                      <a href="#" panel-name="suite-Digital_Resume_Builder_Suite" class="hide-methods failed suite-Digital_Resume_Builder_Suite"> (hide)</a> <!-- hide-methods failed suite-Digital_Resume_Builder_Suite -->
                      <a href="#" panel-name="suite-Digital_Resume_Builder_Suite" class="show-methods failed suite-Digital_Resume_Builder_Suite"> (show)</a> <!-- show-methods failed suite-Digital_Resume_Builder_Suite -->
                    </span>
                    <div class="method-list-content failed suite-Digital_Resume_Builder_Suite">
                      <span>
                        <img src="failed.png" width="3%"/>
                        <a href="#" panel-name="suite-Digital_Resume_Builder_Suite" title="com.qa.testScriptsCreateProfile.TestCasesCreateProfile" class="method navigator-link" hash-for-method="CreateProfile_name">CreateProfile_name</a> <!-- method navigator-link -->
                      </span>
                      <br/>
                      <span>
                        <img src="failed.png" width="3%"/>
                        <a href="#" panel-name="suite-Digital_Resume_Builder_Suite" title="com.qa.testScriptsLogin.TestCasesLogin" class="method navigator-link" hash-for-method="Invalidpasswordvalidusername">Invalidpasswordvalidusername</a> <!-- method navigator-link -->
                      </span>
                      <br/>
                      <span>
                        <img src="failed.png" width="3%"/>
                        <a href="#" panel-name="suite-Digital_Resume_Builder_Suite" title="com.qa.testScriptsLogin.TestCasesLogin" class="method navigator-link" hash-for-method="Invalidusernameinvalidpassword">Invalidusernameinvalidpassword</a> <!-- method navigator-link -->
                      </span>
                      <br/>
                      <span>
                        <img src="failed.png" width="3%"/>
                        <a href="#" panel-name="suite-Digital_Resume_Builder_Suite" title="com.qa.testScriptsLogin.TestCasesLogin" class="method navigator-link" hash-for-method="Invalidusernamevalidpassword">Invalidusernamevalidpassword</a> <!-- method navigator-link -->
                      </span>
                      <br/>
                      <span>
                        <img src="failed.png" width="3%"/>
                        <a href="#" panel-name="suite-Digital_Resume_Builder_Suite" title="com.qa.testScriptsDeleteDownload.TestCasesDeleteDownload" class="method navigator-link" hash-for-method="SendWeblinkVerification">SendWeblinkVerification</a> <!-- method navigator-link -->
                      </span>
                      <br/>
                      <span>
                        <img src="failed.png" width="3%"/>
                        <a href="#" panel-name="suite-Digital_Resume_Builder_Suite" title="com.qa.testScriptsSignup.TestCasesSignup" class="method navigator-link" hash-for-method="alreadyExistingEmailAddress">alreadyExistingEmailAddress</a> <!-- method navigator-link -->
                      </span>
                      <br/>
                      <span>
                        <img src="failed.png" width="3%"/>
                        <a href="#" panel-name="suite-Digital_Resume_Builder_Suite" title="com.qa.testScriptsEditProfile.TestCasesEditProfile" class="method navigator-link" hash-for-method="changeNameVerification">changeNameVerification</a> <!-- method navigator-link -->
                      </span>
                      <br/>
                      <span>
                        <img src="failed.png" width="3%"/>
                        <a href="#" panel-name="suite-Digital_Resume_Builder_Suite" title="com.qa.testScriptsEditProfile.TestCasesEditProfile" class="method navigator-link" hash-for-method="chooseFileVerification">chooseFileVerification</a> <!-- method navigator-link -->
                      </span>
                      <br/>
                      <span>
                        <img src="failed.png" width="3%"/>
                        <a href="#" panel-name="suite-Digital_Resume_Builder_Suite" title="com.qa.testScriptsEditProfile.TestCasesEditProfile" class="method navigator-link" hash-for-method="futureDOBverification">futureDOBverification</a> <!-- method navigator-link -->
                      </span>
                      <br/>
                      <span>
                        <img src="failed.png" width="3%"/>
                        <a href="#" panel-name="suite-Digital_Resume_Builder_Suite" title="com.qa.testScriptsSignup.TestCasesSignup" class="method navigator-link" hash-for-method="incompleteConfirmPassword">incompleteConfirmPassword</a> <!-- method navigator-link -->
                      </span>
                      <br/>
                      <span>
                        <img src="failed.png" width="3%"/>
                        <a href="#" panel-name="suite-Digital_Resume_Builder_Suite" title="com.qa.testScriptsSignup.TestCasesSignup" class="method navigator-link" hash-for-method="invalidPhonenumberWithCombinationOfCharactersNumbersSpecialSymbols">invalidPhonenumberWithCombinationOfCharactersNumbersSpecialSymbols</a> <!-- method navigator-link -->
                      </span>
                      <br/>
                      <span>
                        <img src="failed.png" width="3%"/>
                        <a href="#" panel-name="suite-Digital_Resume_Builder_Suite" title="com.qa.testScriptsLogin.TestCasesLogin" class="method navigator-link" hash-for-method="nullpasswordvalidusername">nullpasswordvalidusername</a> <!-- method navigator-link -->
                      </span>
                      <br/>
                      <span>
                        <img src="failed.png" width="3%"/>
                        <a href="#" panel-name="suite-Digital_Resume_Builder_Suite" title="com.qa.testScriptsLogin.TestCasesLogin" class="method navigator-link" hash-for-method="nullusernamevalidpassword">nullusernamevalidpassword</a> <!-- method navigator-link -->
                      </span>
                      <br/>
                      <span>
                        <img src="failed.png" width="3%"/>
                        <a href="#" panel-name="suite-Digital_Resume_Builder_Suite" title="com.qa.testScriptsSignup.TestCasesSignup" class="method navigator-link" hash-for-method="wrongConfirmPassword">wrongConfirmPassword</a> <!-- method navigator-link -->
                      </span>
                      <br/>
                    </div> <!-- method-list-content failed suite-Digital_Resume_Builder_Suite -->
                  </li>
                  <li>
                    <span class="method-list-title passed">Passed methods</span>
                    <span class="show-or-hide-methods passed">
                      <a href="#" panel-name="suite-Digital_Resume_Builder_Suite" class="hide-methods passed suite-Digital_Resume_Builder_Suite"> (hide)</a> <!-- hide-methods passed suite-Digital_Resume_Builder_Suite -->
                      <a href="#" panel-name="suite-Digital_Resume_Builder_Suite" class="show-methods passed suite-Digital_Resume_Builder_Suite"> (show)</a> <!-- show-methods passed suite-Digital_Resume_Builder_Suite -->
                    </span>
                    <div class="method-list-content passed suite-Digital_Resume_Builder_Suite">
                      <span>
                        <img src="passed.png" width="3%"/>
                        <a href="#" panel-name="suite-Digital_Resume_Builder_Suite" title="com.qa.testScriptsCreateProfile.TestCasesCreateProfile" class="method navigator-link" hash-for-method="CreateProfile_futuredob">CreateProfile_futuredob</a> <!-- method navigator-link -->
                      </span>
                      <br/>
                      <span>
                        <img src="passed.png" width="3%"/>
                        <a href="#" panel-name="suite-Digital_Resume_Builder_Suite" title="com.qa.testScriptsCreateProfile.TestCasesCreateProfile" class="method navigator-link" hash-for-method="CreateProfile_invalidschoolname">CreateProfile_invalidschoolname</a> <!-- method navigator-link -->
                      </span>
                      <br/>
                      <span>
                        <img src="passed.png" width="3%"/>
                        <a href="#" panel-name="suite-Digital_Resume_Builder_Suite" title="com.qa.testScriptsDeleteDownload.TestCasesDeleteDownload" class="method navigator-link" hash-for-method="DeleteProfileVerification">DeleteProfileVerification</a> <!-- method navigator-link -->
                      </span>
                      <br/>
                      <span>
                        <img src="passed.png" width="3%"/>
                        <a href="#" panel-name="suite-Digital_Resume_Builder_Suite" title="com.qa.testScriptsDeleteDownload.TestCasesDeleteDownload" class="method navigator-link" hash-for-method="DownloadResumeVerification">DownloadResumeVerification</a> <!-- method navigator-link -->
                      </span>
                      <br/>
                      <span>
                        <img src="passed.png" width="3%"/>
                        <a href="#" panel-name="suite-Digital_Resume_Builder_Suite" title="com.qa.testScriptsLogin.TestCasesLogin" class="method navigator-link" hash-for-method="Loginverification">Loginverification</a> <!-- method navigator-link -->
                      </span>
                      <br/>
                      <span>
                        <img src="passed.png" width="3%"/>
                        <a href="#" panel-name="suite-Digital_Resume_Builder_Suite" title="com.qa.testScriptsDeleteDownload.TestCasesDeleteDownload" class="method navigator-link" hash-for-method="TemplatesVerification">TemplatesVerification</a> <!-- method navigator-link -->
                      </span>
                      <br/>
                      <span>
                        <img src="passed.png" width="3%"/>
                        <a href="#" panel-name="suite-Digital_Resume_Builder_Suite" title="com.qa.testScriptsHomePage.TestCasesHomePage" class="method navigator-link" hash-for-method="clickCreateYourResumeNow">clickCreateYourResumeNow</a> <!-- method navigator-link -->
                      </span>
                      <br/>
                      <span>
                        <img src="passed.png" width="3%"/>
                        <a href="#" panel-name="suite-Digital_Resume_Builder_Suite" title="com.qa.testScriptsEditProfile.TestCasesEditProfile" class="method navigator-link" hash-for-method="createProfileWithMandatoryDetails">createProfileWithMandatoryDetails</a> <!-- method navigator-link -->
                      </span>
                      <br/>
                      <span>
                        <img src="passed.png" width="3%"/>
                        <a href="#" panel-name="suite-Digital_Resume_Builder_Suite" title="com.qa.testScriptsHomePage.TestCasesHomePage" class="method navigator-link" hash-for-method="getStarted">getStarted</a> <!-- method navigator-link -->
                      </span>
                      <br/>
                      <span>
                        <img src="passed.png" width="3%"/>
                        <a href="#" panel-name="suite-Digital_Resume_Builder_Suite" title="com.qa.testScriptsHomePage.TestCasesHomePage" class="method navigator-link" hash-for-method="gotoAboutusPage">gotoAboutusPage</a> <!-- method navigator-link -->
                      </span>
                      <br/>
                      <span>
                        <img src="passed.png" width="3%"/>
                        <a href="#" panel-name="suite-Digital_Resume_Builder_Suite" title="com.qa.testScriptsHomePage.TestCasesHomePage" class="method navigator-link" hash-for-method="gotoHomePage">gotoHomePage</a> <!-- method navigator-link -->
                      </span>
                      <br/>
                      <span>
                        <img src="passed.png" width="3%"/>
                        <a href="#" panel-name="suite-Digital_Resume_Builder_Suite" title="com.qa.testScriptsHomePage.TestCasesHomePage" class="method navigator-link" hash-for-method="gotoTemplatesOrDesignsPage">gotoTemplatesOrDesignsPage</a> <!-- method navigator-link -->
                      </span>
                      <br/>
                      <span>
                        <img src="passed.png" width="3%"/>
                        <a href="#" panel-name="suite-Digital_Resume_Builder_Suite" title="com.qa.testScriptsSignup.TestCasesSignup" class="method navigator-link" hash-for-method="invalidEmailAddress">invalidEmailAddress</a> <!-- method navigator-link -->
                      </span>
                      <br/>
                      <span>
                        <img src="passed.png" width="3%"/>
                        <a href="#" panel-name="suite-Digital_Resume_Builder_Suite" title="com.qa.testScriptsSignup.TestCasesSignup" class="method navigator-link" hash-for-method="invalidPassword">invalidPassword</a> <!-- method navigator-link -->
                      </span>
                      <br/>
                      <span>
                        <img src="passed.png" width="3%"/>
                        <a href="#" panel-name="suite-Digital_Resume_Builder_Suite" title="com.qa.testScriptsSignup.TestCasesSignup" class="method navigator-link" hash-for-method="invalidPhonenumberWithLessthanOrGreaterthan10Numbers">invalidPhonenumberWithLessthanOrGreaterthan10Numbers</a> <!-- method navigator-link -->
                      </span>
                      <br/>
                      <span>
                        <img src="passed.png" width="3%"/>
                        <a href="#" panel-name="suite-Digital_Resume_Builder_Suite" title="com.qa.testScriptsSignup.TestCasesSignup" class="method navigator-link" hash-for-method="invalidUsernameWithGreaterthan20Characters">invalidUsernameWithGreaterthan20Characters</a> <!-- method navigator-link -->
                      </span>
                      <br/>
                      <span>
                        <img src="passed.png" width="3%"/>
                        <a href="#" panel-name="suite-Digital_Resume_Builder_Suite" title="com.qa.testScriptsSignup.TestCasesSignup" class="method navigator-link" hash-for-method="invalidUsernameWithLessthan4Characters">invalidUsernameWithLessthan4Characters</a> <!-- method navigator-link -->
                      </span>
                      <br/>
                      <span>
                        <img src="passed.png" width="3%"/>
                        <a href="#" panel-name="suite-Digital_Resume_Builder_Suite" title="com.qa.testScriptsSignup.TestCasesSignup" class="method navigator-link" hash-for-method="noData">noData</a> <!-- method navigator-link -->
                      </span>
                      <br/>
                      <span>
                        <img src="passed.png" width="3%"/>
                        <a href="#" panel-name="suite-Digital_Resume_Builder_Suite" title="com.qa.testScriptsHomePage.TestCasesHomePage" class="method navigator-link" hash-for-method="seeMoreTemplates">seeMoreTemplates</a> <!-- method navigator-link -->
                      </span>
                      <br/>
                      <span>
                        <img src="passed.png" width="3%"/>
                        <a href="#" panel-name="suite-Digital_Resume_Builder_Suite" title="com.qa.testScriptsCreateProfile.TestCasesCreateProfile" class="method navigator-link" hash-for-method="validCreateProfile">validCreateProfile</a> <!-- method navigator-link -->
                      </span>
                      <br/>
                      <span>
                        <img src="passed.png" width="3%"/>
                        <a href="#" panel-name="suite-Digital_Resume_Builder_Suite" title="com.qa.testScriptsCreateProfile.TestCasesCreateProfile" class="method navigator-link" hash-for-method="validCreateProfile_option">validCreateProfile_option</a> <!-- method navigator-link -->
                      </span>
                      <br/>
                      <span>
                        <img src="passed.png" width="3%"/>
                        <a href="#" panel-name="suite-Digital_Resume_Builder_Suite" title="com.qa.testScriptsSignup.TestCasesSignup" class="method navigator-link" hash-for-method="validData">validData</a> <!-- method navigator-link -->
                      </span>
                      <br/>
                      <span>
                        <img src="passed.png" width="3%"/>
                        <a href="#" panel-name="suite-Digital_Resume_Builder_Suite" title="com.qa.testScriptsSignup.TestCasesSignup" class="method navigator-link" hash-for-method="verifySignupNowButton">verifySignupNowButton</a> <!-- method navigator-link -->
                      </span>
                      <br/>
                      <span>
                        <img src="passed.png" width="3%"/>
                        <a href="#" panel-name="suite-Digital_Resume_Builder_Suite" title="com.qa.testScriptsLogin.TestCasesLogin" class="method navigator-link" hash-for-method="verify_logout_button">verify_logout_button</a> <!-- method navigator-link -->
                      </span>
                      <br/>
                    </div> <!-- method-list-content passed suite-Digital_Resume_Builder_Suite -->
                  </li>
                </ul>
              </div> <!-- suite-section-content -->
            </div> <!-- result-section -->
          </div> <!-- navigator-suite-content -->
        </div> <!-- rounded-window -->
      </div> <!-- suite -->
    </div> <!-- navigator-root -->
    <div class="wrapper">
      <div class="main-panel-root">
        <div panel-name="suite-Digital_Resume_Builder_Suite" class="panel Digital_Resume_Builder_Suite">
          <div class="suite-Digital_Resume_Builder_Suite-class-failed">
            <div class="main-panel-header rounded-window-top">
              <img src="failed.png"/>
              <span class="class-name">com.qa.testScriptsSignup.TestCasesSignup</span>
            </div> <!-- main-panel-header rounded-window-top -->
            <div class="main-panel-content rounded-window-bottom">
              <div class="method">
                <div class="method-content">
                  <a name="alreadyExistingEmailAddress">
                  </a> <!-- alreadyExistingEmailAddress -->
                  <span class="method-name">alreadyExistingEmailAddress</span>
                  <div class="stack-trace">java.lang.AssertionError: expected [Email address is already existing!] but found [New user added]
	at com.qa.testScriptsSignup.TestCasesSignup.alreadyExistingEmailAddress(TestCasesSignup.java:261)
	at java.base/java.util.ArrayList.forEach(ArrayList.java:1511)
... Removed 33 stack frames
</div> <!-- stack-trace -->
                </div> <!-- method-content -->
              </div> <!-- method -->
              <div class="method">
                <div class="method-content">
                  <a name="incompleteConfirmPassword">
                  </a> <!-- incompleteConfirmPassword -->
                  <span class="method-name">incompleteConfirmPassword</span>
                  <div class="stack-trace">org.openqa.selenium.NoAlertPresentException: no such alert
  (Session info: chrome=110.0.5481.178)
Build info: version: &apos;4.6.0&apos;, revision: &apos;79f1c02ae20&apos;
System info: os.name: &apos;Windows 11&apos;, os.arch: &apos;amd64&apos;, os.version: &apos;10.0&apos;, java.version: &apos;17.0.4.1&apos;
Driver info: org.openqa.selenium.chrome.ChromeDriver
Command: [9ec52e8b571456791dafb0e0fa31614f, getAlertText {}]
Capabilities {acceptInsecureCerts: false, browserName: chrome, browserVersion: 110.0.5481.178, chrome: {chromedriverVersion: 110.0.5481.77 (65ed616c6e8e..., userDataDir: C:\Users\Sree\AppData\Local...}, goog:chromeOptions: {debuggerAddress: localhost:63602}, networkConnectionEnabled: false, pageLoadStrategy: normal, platformName: WINDOWS, proxy: Proxy(), se:cdp: ws://localhost:63602/devtoo..., se:cdpVersion: 110.0.5481.178, setWindowRect: true, strictFileInteractability: false, timeouts: {implicit: 0, pageLoad: 300000, script: 30000}, unhandledPromptBehavior: dismiss and notify, webauthn:extension:credBlob: true, webauthn:extension:largeBlob: true, webauthn:virtualAuthenticators: true}
Session ID: 9ec52e8b571456791dafb0e0fa31614f
	at org.openqa.selenium.remote.codec.w3c.W3CHttpResponseCodec.createException(W3CHttpResponseCodec.java:200)
	at org.openqa.selenium.remote.codec.w3c.W3CHttpResponseCodec.decode(W3CHttpResponseCodec.java:133)
	at org.openqa.selenium.remote.codec.w3c.W3CHttpResponseCodec.decode(W3CHttpResponseCodec.java:53)
	at org.openqa.selenium.remote.HttpCommandExecutor.execute(HttpCommandExecutor.java:184)
	at org.openqa.selenium.remote.service.DriverCommandExecutor.invokeExecute(DriverCommandExecutor.java:167)
	at org.openqa.selenium.remote.service.DriverCommandExecutor.execute(DriverCommandExecutor.java:142)
	at org.openqa.selenium.remote.RemoteWebDriver.execute(RemoteWebDriver.java:541)
	at org.openqa.selenium.remote.RemoteWebDriver.execute(RemoteWebDriver.java:596)
	at org.openqa.selenium.remote.RemoteWebDriver.execute(RemoteWebDriver.java:600)
	at org.openqa.selenium.remote.RemoteWebDriver$RemoteTargetLocator.alert(RemoteWebDriver.java:1078)
	at com.qa.pages.SignUp.alert(SignUp.java:262)
	at com.qa.testScriptsSignup.TestCasesSignup.incompleteConfirmPassword(TestCasesSignup.java:349)
	at java.base/java.util.ArrayList.forEach(ArrayList.java:1511)
... Removed 32 stack frames
</div> <!-- stack-trace -->
                </div> <!-- method-content -->
              </div> <!-- method -->
              <div class="method">
                <div class="method-content">
                  <a name="invalidPhonenumberWithCombinationOfCharactersNumbersSpecialSymbols">
                  </a> <!-- invalidPhonenumberWithCombinationOfCharactersNumbersSpecialSymbols -->
                  <span class="method-name">invalidPhonenumberWithCombinationOfCharactersNumbersSpecialSymbols</span>
                  <div class="stack-trace">java.lang.AssertionError: expected [Invalid Phone number!] but found [New user added]
	at com.qa.testScriptsSignup.TestCasesSignup.invalidPhonenumberWithCombinationOfCharactersNumbersSpecialSymbols(TestCasesSignup.java:203)
	at java.base/java.util.ArrayList.forEach(ArrayList.java:1511)
... Removed 33 stack frames
</div> <!-- stack-trace -->
                </div> <!-- method-content -->
              </div> <!-- method -->
              <div class="method">
                <div class="method-content">
                  <a name="wrongConfirmPassword">
                  </a> <!-- wrongConfirmPassword -->
                  <span class="method-name">wrongConfirmPassword</span>
                  <div class="stack-trace">org.openqa.selenium.NoAlertPresentException: no such alert
  (Session info: chrome=110.0.5481.178)
Build info: version: &apos;4.6.0&apos;, revision: &apos;79f1c02ae20&apos;
System info: os.name: &apos;Windows 11&apos;, os.arch: &apos;amd64&apos;, os.version: &apos;10.0&apos;, java.version: &apos;17.0.4.1&apos;
Driver info: org.openqa.selenium.chrome.ChromeDriver
Command: [736feb810d3e3d806f13ea0c749f52db, getAlertText {}]
Capabilities {acceptInsecureCerts: false, browserName: chrome, browserVersion: 110.0.5481.178, chrome: {chromedriverVersion: 110.0.5481.77 (65ed616c6e8e..., userDataDir: C:\Users\Sree\AppData\Local...}, goog:chromeOptions: {debuggerAddress: localhost:63574}, networkConnectionEnabled: false, pageLoadStrategy: normal, platformName: WINDOWS, proxy: Proxy(), se:cdp: ws://localhost:63574/devtoo..., se:cdpVersion: 110.0.5481.178, setWindowRect: true, strictFileInteractability: false, timeouts: {implicit: 0, pageLoad: 300000, script: 30000}, unhandledPromptBehavior: dismiss and notify, webauthn:extension:credBlob: true, webauthn:extension:largeBlob: true, webauthn:virtualAuthenticators: true}
Session ID: 736feb810d3e3d806f13ea0c749f52db
	at org.openqa.selenium.remote.codec.w3c.W3CHttpResponseCodec.createException(W3CHttpResponseCodec.java:200)
	at org.openqa.selenium.remote.codec.w3c.W3CHttpResponseCodec.decode(W3CHttpResponseCodec.java:133)
	at org.openqa.selenium.remote.codec.w3c.W3CHttpResponseCodec.decode(W3CHttpResponseCodec.java:53)
	at org.openqa.selenium.remote.HttpCommandExecutor.execute(HttpCommandExecutor.java:184)
	at org.openqa.selenium.remote.service.DriverCommandExecutor.invokeExecute(DriverCommandExecutor.java:167)
	at org.openqa.selenium.remote.service.DriverCommandExecutor.execute(DriverCommandExecutor.java:142)
	at org.openqa.selenium.remote.RemoteWebDriver.execute(RemoteWebDriver.java:541)
	at org.openqa.selenium.remote.RemoteWebDriver.execute(RemoteWebDriver.java:596)
	at org.openqa.selenium.remote.RemoteWebDriver.execute(RemoteWebDriver.java:600)
	at org.openqa.selenium.remote.RemoteWebDriver$RemoteTargetLocator.alert(RemoteWebDriver.java:1078)
	at com.qa.pages.SignUp.alert(SignUp.java:262)
	at com.qa.testScriptsSignup.TestCasesSignup.wrongConfirmPassword(TestCasesSignup.java:320)
	at java.base/java.util.ArrayList.forEach(ArrayList.java:1511)
... Removed 32 stack frames
</div> <!-- stack-trace -->
                </div> <!-- method-content -->
              </div> <!-- method -->
            </div> <!-- main-panel-content rounded-window-bottom -->
          </div> <!-- suite-Digital_Resume_Builder_Suite-class-failed -->
          <div class="suite-Digital_Resume_Builder_Suite-class-failed">
            <div class="main-panel-header rounded-window-top">
              <img src="failed.png"/>
              <span class="class-name">com.qa.testScriptsCreateProfile.TestCasesCreateProfile</span>
            </div> <!-- main-panel-header rounded-window-top -->
            <div class="main-panel-content rounded-window-bottom">
              <div class="method">
                <div class="method-content">
                  <a name="CreateProfile_name">
                  </a> <!-- CreateProfile_name -->
                  <span class="method-name">CreateProfile_name</span>
                  <div class="stack-trace">java.lang.AssertionError: expected [false] but found [true]
	at com.qa.testScriptsCreateProfile.TestCasesCreateProfile.CreateProfile_name(TestCasesCreateProfile.java:267)
	at java.base/java.util.ArrayList.forEach(ArrayList.java:1511)
... Removed 33 stack frames
</div> <!-- stack-trace -->
                </div> <!-- method-content -->
              </div> <!-- method -->
            </div> <!-- main-panel-content rounded-window-bottom -->
          </div> <!-- suite-Digital_Resume_Builder_Suite-class-failed -->
          <div class="suite-Digital_Resume_Builder_Suite-class-failed">
            <div class="main-panel-header rounded-window-top">
              <img src="failed.png"/>
              <span class="class-name">com.qa.testScriptsLogin.TestCasesLogin</span>
            </div> <!-- main-panel-header rounded-window-top -->
            <div class="main-panel-content rounded-window-bottom">
              <div class="method">
                <div class="method-content">
                  <a name="Invalidpasswordvalidusername">
                  </a> <!-- Invalidpasswordvalidusername -->
                  <span class="method-name">Invalidpasswordvalidusername</span>
                  <div class="stack-trace">org.openqa.selenium.NoAlertPresentException: no such alert
  (Session info: chrome=110.0.5481.178)
Build info: version: &apos;4.6.0&apos;, revision: &apos;79f1c02ae20&apos;
System info: os.name: &apos;Windows 11&apos;, os.arch: &apos;amd64&apos;, os.version: &apos;10.0&apos;, java.version: &apos;17.0.4.1&apos;
Driver info: org.openqa.selenium.chrome.ChromeDriver
Command: [1b2e21186cf0422269b4d2de9a2cd901, getAlertText {}]
Capabilities {acceptInsecureCerts: false, browserName: chrome, browserVersion: 110.0.5481.178, chrome: {chromedriverVersion: 110.0.5481.77 (65ed616c6e8e..., userDataDir: C:\Users\Sree\AppData\Local...}, goog:chromeOptions: {debuggerAddress: localhost:63686}, networkConnectionEnabled: false, pageLoadStrategy: normal, platformName: WINDOWS, proxy: Proxy(), se:cdp: ws://localhost:63686/devtoo..., se:cdpVersion: 110.0.5481.178, setWindowRect: true, strictFileInteractability: false, timeouts: {implicit: 0, pageLoad: 300000, script: 30000}, unhandledPromptBehavior: dismiss and notify, webauthn:extension:credBlob: true, webauthn:extension:largeBlob: true, webauthn:virtualAuthenticators: true}
Session ID: 1b2e21186cf0422269b4d2de9a2cd901
	at org.openqa.selenium.remote.codec.w3c.W3CHttpResponseCodec.createException(W3CHttpResponseCodec.java:200)
	at org.openqa.selenium.remote.codec.w3c.W3CHttpResponseCodec.decode(W3CHttpResponseCodec.java:133)
	at org.openqa.selenium.remote.codec.w3c.W3CHttpResponseCodec.decode(W3CHttpResponseCodec.java:53)
	at org.openqa.selenium.remote.HttpCommandExecutor.execute(HttpCommandExecutor.java:184)
	at org.openqa.selenium.remote.service.DriverCommandExecutor.invokeExecute(DriverCommandExecutor.java:167)
	at org.openqa.selenium.remote.service.DriverCommandExecutor.execute(DriverCommandExecutor.java:142)
	at org.openqa.selenium.remote.RemoteWebDriver.execute(RemoteWebDriver.java:541)
	at org.openqa.selenium.remote.RemoteWebDriver.execute(RemoteWebDriver.java:596)
	at org.openqa.selenium.remote.RemoteWebDriver.execute(RemoteWebDriver.java:600)
	at org.openqa.selenium.remote.RemoteWebDriver$RemoteTargetLocator.alert(RemoteWebDriver.java:1078)
	at com.qa.pages.Login.alert(Login.java:97)
	at com.qa.testScriptsLogin.TestCasesLogin.Invalidpasswordvalidusername(TestCasesLogin.java:77)
	at java.base/java.util.ArrayList.forEach(ArrayList.java:1511)
... Removed 32 stack frames
</div> <!-- stack-trace -->
                </div> <!-- method-content -->
              </div> <!-- method -->
              <div class="method">
                <div class="method-content">
                  <a name="Invalidusernameinvalidpassword">
                  </a> <!-- Invalidusernameinvalidpassword -->
                  <span class="method-name">Invalidusernameinvalidpassword</span>
                  <div class="stack-trace">org.openqa.selenium.NoAlertPresentException: no such alert
  (Session info: chrome=110.0.5481.178)
Build info: version: &apos;4.6.0&apos;, revision: &apos;79f1c02ae20&apos;
System info: os.name: &apos;Windows 11&apos;, os.arch: &apos;amd64&apos;, os.version: &apos;10.0&apos;, java.version: &apos;17.0.4.1&apos;
Driver info: org.openqa.selenium.chrome.ChromeDriver
Command: [32635a2cad8ff6fc15ce4d39df4b3bdf, getAlertText {}]
Capabilities {acceptInsecureCerts: false, browserName: chrome, browserVersion: 110.0.5481.178, chrome: {chromedriverVersion: 110.0.5481.77 (65ed616c6e8e..., userDataDir: C:\Users\Sree\AppData\Local...}, goog:chromeOptions: {debuggerAddress: localhost:63715}, networkConnectionEnabled: false, pageLoadStrategy: normal, platformName: WINDOWS, proxy: Proxy(), se:cdp: ws://localhost:63715/devtoo..., se:cdpVersion: 110.0.5481.178, setWindowRect: true, strictFileInteractability: false, timeouts: {implicit: 0, pageLoad: 300000, script: 30000}, unhandledPromptBehavior: dismiss and notify, webauthn:extension:credBlob: true, webauthn:extension:largeBlob: true, webauthn:virtualAuthenticators: true}
Session ID: 32635a2cad8ff6fc15ce4d39df4b3bdf
	at org.openqa.selenium.remote.codec.w3c.W3CHttpResponseCodec.createException(W3CHttpResponseCodec.java:200)
	at org.openqa.selenium.remote.codec.w3c.W3CHttpResponseCodec.decode(W3CHttpResponseCodec.java:133)
	at org.openqa.selenium.remote.codec.w3c.W3CHttpResponseCodec.decode(W3CHttpResponseCodec.java:53)
	at org.openqa.selenium.remote.HttpCommandExecutor.execute(HttpCommandExecutor.java:184)
	at org.openqa.selenium.remote.service.DriverCommandExecutor.invokeExecute(DriverCommandExecutor.java:167)
	at org.openqa.selenium.remote.service.DriverCommandExecutor.execute(DriverCommandExecutor.java:142)
	at org.openqa.selenium.remote.RemoteWebDriver.execute(RemoteWebDriver.java:541)
	at org.openqa.selenium.remote.RemoteWebDriver.execute(RemoteWebDriver.java:596)
	at org.openqa.selenium.remote.RemoteWebDriver.execute(RemoteWebDriver.java:600)
	at org.openqa.selenium.remote.RemoteWebDriver$RemoteTargetLocator.alert(RemoteWebDriver.java:1078)
	at com.qa.pages.Login.alert(Login.java:97)
	at com.qa.testScriptsLogin.TestCasesLogin.Invalidusernameinvalidpassword(TestCasesLogin.java:104)
	at java.base/java.util.ArrayList.forEach(ArrayList.java:1511)
... Removed 32 stack frames
</div> <!-- stack-trace -->
                </div> <!-- method-content -->
              </div> <!-- method -->
              <div class="method">
                <div class="method-content">
                  <a name="Invalidusernamevalidpassword">
                  </a> <!-- Invalidusernamevalidpassword -->
                  <span class="method-name">Invalidusernamevalidpassword</span>
                  <div class="stack-trace">org.openqa.selenium.NoAlertPresentException: no such alert
  (Session info: chrome=110.0.5481.178)
Build info: version: &apos;4.6.0&apos;, revision: &apos;79f1c02ae20&apos;
System info: os.name: &apos;Windows 11&apos;, os.arch: &apos;amd64&apos;, os.version: &apos;10.0&apos;, java.version: &apos;17.0.4.1&apos;
Driver info: org.openqa.selenium.chrome.ChromeDriver
Command: [1d7f7fca5c8c8c9286715cd51a3b3cc0, getAlertText {}]
Capabilities {acceptInsecureCerts: false, browserName: chrome, browserVersion: 110.0.5481.178, chrome: {chromedriverVersion: 110.0.5481.77 (65ed616c6e8e..., userDataDir: C:\Users\Sree\AppData\Local...}, goog:chromeOptions: {debuggerAddress: localhost:63660}, networkConnectionEnabled: false, pageLoadStrategy: normal, platformName: WINDOWS, proxy: Proxy(), se:cdp: ws://localhost:63660/devtoo..., se:cdpVersion: 110.0.5481.178, setWindowRect: true, strictFileInteractability: false, timeouts: {implicit: 0, pageLoad: 300000, script: 30000}, unhandledPromptBehavior: dismiss and notify, webauthn:extension:credBlob: true, webauthn:extension:largeBlob: true, webauthn:virtualAuthenticators: true}
Session ID: 1d7f7fca5c8c8c9286715cd51a3b3cc0
	at org.openqa.selenium.remote.codec.w3c.W3CHttpResponseCodec.createException(W3CHttpResponseCodec.java:200)
	at org.openqa.selenium.remote.codec.w3c.W3CHttpResponseCodec.decode(W3CHttpResponseCodec.java:133)
	at org.openqa.selenium.remote.codec.w3c.W3CHttpResponseCodec.decode(W3CHttpResponseCodec.java:53)
	at org.openqa.selenium.remote.HttpCommandExecutor.execute(HttpCommandExecutor.java:184)
	at org.openqa.selenium.remote.service.DriverCommandExecutor.invokeExecute(DriverCommandExecutor.java:167)
	at org.openqa.selenium.remote.service.DriverCommandExecutor.execute(DriverCommandExecutor.java:142)
	at org.openqa.selenium.remote.RemoteWebDriver.execute(RemoteWebDriver.java:541)
	at org.openqa.selenium.remote.RemoteWebDriver.execute(RemoteWebDriver.java:596)
	at org.openqa.selenium.remote.RemoteWebDriver.execute(RemoteWebDriver.java:600)
	at org.openqa.selenium.remote.RemoteWebDriver$RemoteTargetLocator.alert(RemoteWebDriver.java:1078)
	at com.qa.pages.Login.alert(Login.java:97)
	at com.qa.testScriptsLogin.TestCasesLogin.Invalidusernamevalidpassword(TestCasesLogin.java:54)
	at java.base/java.util.ArrayList.forEach(ArrayList.java:1511)
... Removed 32 stack frames
</div> <!-- stack-trace -->
                </div> <!-- method-content -->
              </div> <!-- method -->
              <div class="method">
                <div class="method-content">
                  <a name="nullpasswordvalidusername">
                  </a> <!-- nullpasswordvalidusername -->
                  <span class="method-name">nullpasswordvalidusername</span>
                  <div class="stack-trace">org.openqa.selenium.NoAlertPresentException: no such alert
  (Session info: chrome=110.0.5481.178)
Build info: version: &apos;4.6.0&apos;, revision: &apos;79f1c02ae20&apos;
System info: os.name: &apos;Windows 11&apos;, os.arch: &apos;amd64&apos;, os.version: &apos;10.0&apos;, java.version: &apos;17.0.4.1&apos;
Driver info: org.openqa.selenium.chrome.ChromeDriver
Command: [c1f06e4fe5570bc1b5861e60f62060e9, getAlertText {}]
Capabilities {acceptInsecureCerts: false, browserName: chrome, browserVersion: 110.0.5481.178, chrome: {chromedriverVersion: 110.0.5481.77 (65ed616c6e8e..., userDataDir: C:\Users\Sree\AppData\Local...}, goog:chromeOptions: {debuggerAddress: localhost:63775}, networkConnectionEnabled: false, pageLoadStrategy: normal, platformName: WINDOWS, proxy: Proxy(), se:cdp: ws://localhost:63775/devtoo..., se:cdpVersion: 110.0.5481.178, setWindowRect: true, strictFileInteractability: false, timeouts: {implicit: 0, pageLoad: 300000, script: 30000}, unhandledPromptBehavior: dismiss and notify, webauthn:extension:credBlob: true, webauthn:extension:largeBlob: true, webauthn:virtualAuthenticators: true}
Session ID: c1f06e4fe5570bc1b5861e60f62060e9
	at org.openqa.selenium.remote.codec.w3c.W3CHttpResponseCodec.createException(W3CHttpResponseCodec.java:200)
	at org.openqa.selenium.remote.codec.w3c.W3CHttpResponseCodec.decode(W3CHttpResponseCodec.java:133)
	at org.openqa.selenium.remote.codec.w3c.W3CHttpResponseCodec.decode(W3CHttpResponseCodec.java:53)
	at org.openqa.selenium.remote.HttpCommandExecutor.execute(HttpCommandExecutor.java:184)
	at org.openqa.selenium.remote.service.DriverCommandExecutor.invokeExecute(DriverCommandExecutor.java:167)
	at org.openqa.selenium.remote.service.DriverCommandExecutor.execute(DriverCommandExecutor.java:142)
	at org.openqa.selenium.remote.RemoteWebDriver.execute(RemoteWebDriver.java:541)
	at org.openqa.selenium.remote.RemoteWebDriver.execute(RemoteWebDriver.java:596)
	at org.openqa.selenium.remote.RemoteWebDriver.execute(RemoteWebDriver.java:600)
	at org.openqa.selenium.remote.RemoteWebDriver$RemoteTargetLocator.alert(RemoteWebDriver.java:1078)
	at com.qa.pages.Login.alert(Login.java:97)
	at com.qa.testScriptsLogin.TestCasesLogin.nullpasswordvalidusername(TestCasesLogin.java:142)
	at java.base/java.util.ArrayList.forEach(ArrayList.java:1511)
... Removed 32 stack frames
</div> <!-- stack-trace -->
                </div> <!-- method-content -->
              </div> <!-- method -->
              <div class="method">
                <div class="method-content">
                  <a name="nullusernamevalidpassword">
                  </a> <!-- nullusernamevalidpassword -->
                  <span class="method-name">nullusernamevalidpassword</span>
                  <div class="stack-trace">org.openqa.selenium.NoAlertPresentException: no such alert
  (Session info: chrome=110.0.5481.178)
Build info: version: &apos;4.6.0&apos;, revision: &apos;79f1c02ae20&apos;
System info: os.name: &apos;Windows 11&apos;, os.arch: &apos;amd64&apos;, os.version: &apos;10.0&apos;, java.version: &apos;17.0.4.1&apos;
Driver info: org.openqa.selenium.chrome.ChromeDriver
Command: [e983d42e97eed7fa221d80b1f0898220, getAlertText {}]
Capabilities {acceptInsecureCerts: false, browserName: chrome, browserVersion: 110.0.5481.178, chrome: {chromedriverVersion: 110.0.5481.77 (65ed616c6e8e..., userDataDir: C:\Users\Sree\AppData\Local...}, goog:chromeOptions: {debuggerAddress: localhost:63743}, networkConnectionEnabled: false, pageLoadStrategy: normal, platformName: WINDOWS, proxy: Proxy(), se:cdp: ws://localhost:63743/devtoo..., se:cdpVersion: 110.0.5481.178, setWindowRect: true, strictFileInteractability: false, timeouts: {implicit: 0, pageLoad: 300000, script: 30000}, unhandledPromptBehavior: dismiss and notify, webauthn:extension:credBlob: true, webauthn:extension:largeBlob: true, webauthn:virtualAuthenticators: true}
Session ID: e983d42e97eed7fa221d80b1f0898220
	at org.openqa.selenium.remote.codec.w3c.W3CHttpResponseCodec.createException(W3CHttpResponseCodec.java:200)
	at org.openqa.selenium.remote.codec.w3c.W3CHttpResponseCodec.decode(W3CHttpResponseCodec.java:133)
	at org.openqa.selenium.remote.codec.w3c.W3CHttpResponseCodec.decode(W3CHttpResponseCodec.java:53)
	at org.openqa.selenium.remote.HttpCommandExecutor.execute(HttpCommandExecutor.java:184)
	at org.openqa.selenium.remote.service.DriverCommandExecutor.invokeExecute(DriverCommandExecutor.java:167)
	at org.openqa.selenium.remote.service.DriverCommandExecutor.execute(DriverCommandExecutor.java:142)
	at org.openqa.selenium.remote.RemoteWebDriver.execute(RemoteWebDriver.java:541)
	at org.openqa.selenium.remote.RemoteWebDriver.execute(RemoteWebDriver.java:596)
	at org.openqa.selenium.remote.RemoteWebDriver.execute(RemoteWebDriver.java:600)
	at org.openqa.selenium.remote.RemoteWebDriver$RemoteTargetLocator.alert(RemoteWebDriver.java:1078)
	at com.qa.pages.Login.alert(Login.java:97)
	at com.qa.testScriptsLogin.TestCasesLogin.nullusernamevalidpassword(TestCasesLogin.java:123)
	at java.base/java.util.ArrayList.forEach(ArrayList.java:1511)
... Removed 32 stack frames
</div> <!-- stack-trace -->
                </div> <!-- method-content -->
              </div> <!-- method -->
            </div> <!-- main-panel-content rounded-window-bottom -->
          </div> <!-- suite-Digital_Resume_Builder_Suite-class-failed -->
          <div class="suite-Digital_Resume_Builder_Suite-class-failed">
            <div class="main-panel-header rounded-window-top">
              <img src="failed.png"/>
              <span class="class-name">com.qa.testScriptsDeleteDownload.TestCasesDeleteDownload</span>
            </div> <!-- main-panel-header rounded-window-top -->
            <div class="main-panel-content rounded-window-bottom">
              <div class="method">
                <div class="method-content">
                  <a name="SendWeblinkVerification">
                  </a> <!-- SendWeblinkVerification -->
                  <span class="method-name">SendWeblinkVerification</span>
                  <div class="stack-trace">java.lang.AssertionError: expected [Link copied] but found [This service/api is not supported in your Browser]
	at com.qa.testScriptsDeleteDownload.TestCasesDeleteDownload.SendWeblinkVerification(TestCasesDeleteDownload.java:157)
	at java.base/java.util.ArrayList.forEach(ArrayList.java:1511)
... Removed 33 stack frames
</div> <!-- stack-trace -->
                </div> <!-- method-content -->
              </div> <!-- method -->
            </div> <!-- main-panel-content rounded-window-bottom -->
          </div> <!-- suite-Digital_Resume_Builder_Suite-class-failed -->
          <div class="suite-Digital_Resume_Builder_Suite-class-failed">
            <div class="main-panel-header rounded-window-top">
              <img src="failed.png"/>
              <span class="class-name">com.qa.testScriptsEditProfile.TestCasesEditProfile</span>
            </div> <!-- main-panel-header rounded-window-top -->
            <div class="main-panel-content rounded-window-bottom">
              <div class="method">
                <div class="method-content">
                  <a name="changeNameVerification">
                  </a> <!-- changeNameVerification -->
                  <span class="method-name">changeNameVerification</span>
                  <div class="stack-trace">java.lang.AssertionError: expected [Profile updated] but found [Error]
	at com.qa.testScriptsEditProfile.TestCasesEditProfile.changeNameVerification(TestCasesEditProfile.java:185)
	at java.base/java.util.ArrayList.forEach(ArrayList.java:1511)
... Removed 33 stack frames
</div> <!-- stack-trace -->
                </div> <!-- method-content -->
              </div> <!-- method -->
              <div class="method">
                <div class="method-content">
                  <a name="chooseFileVerification">
                  </a> <!-- chooseFileVerification -->
                  <span class="method-name">chooseFileVerification</span>
                  <div class="stack-trace">org.openqa.selenium.NoAlertPresentException: no such alert
  (Session info: chrome=110.0.5481.178)
Build info: version: &apos;4.6.0&apos;, revision: &apos;79f1c02ae20&apos;
System info: os.name: &apos;Windows 11&apos;, os.arch: &apos;amd64&apos;, os.version: &apos;10.0&apos;, java.version: &apos;17.0.4.1&apos;
Driver info: org.openqa.selenium.chrome.ChromeDriver
Command: [429b7cc6ee0901aac8d907b91af7e783, getAlertText {}]
Capabilities {acceptInsecureCerts: false, browserName: chrome, browserVersion: 110.0.5481.178, chrome: {chromedriverVersion: 110.0.5481.77 (65ed616c6e8e..., userDataDir: C:\Users\Sree\AppData\Local...}, goog:chromeOptions: {debuggerAddress: localhost:64230}, networkConnectionEnabled: false, pageLoadStrategy: normal, platformName: WINDOWS, proxy: Proxy(), se:cdp: ws://localhost:64230/devtoo..., se:cdpVersion: 110.0.5481.178, setWindowRect: true, strictFileInteractability: false, timeouts: {implicit: 0, pageLoad: 300000, script: 30000}, unhandledPromptBehavior: dismiss and notify, webauthn:extension:credBlob: true, webauthn:extension:largeBlob: true, webauthn:virtualAuthenticators: true}
Session ID: 429b7cc6ee0901aac8d907b91af7e783
	at org.openqa.selenium.remote.codec.w3c.W3CHttpResponseCodec.createException(W3CHttpResponseCodec.java:200)
	at org.openqa.selenium.remote.codec.w3c.W3CHttpResponseCodec.decode(W3CHttpResponseCodec.java:133)
	at org.openqa.selenium.remote.codec.w3c.W3CHttpResponseCodec.decode(W3CHttpResponseCodec.java:53)
	at org.openqa.selenium.remote.HttpCommandExecutor.execute(HttpCommandExecutor.java:184)
	at org.openqa.selenium.remote.service.DriverCommandExecutor.invokeExecute(DriverCommandExecutor.java:167)
	at org.openqa.selenium.remote.service.DriverCommandExecutor.execute(DriverCommandExecutor.java:142)
	at org.openqa.selenium.remote.RemoteWebDriver.execute(RemoteWebDriver.java:541)
	at org.openqa.selenium.remote.RemoteWebDriver.execute(RemoteWebDriver.java:596)
	at org.openqa.selenium.remote.RemoteWebDriver.execute(RemoteWebDriver.java:600)
	at org.openqa.selenium.remote.RemoteWebDriver$RemoteTargetLocator.alert(RemoteWebDriver.java:1078)
	at com.qa.pages.EditProfile.alert(EditProfile.java:159)
	at com.qa.testScriptsEditProfile.TestCasesEditProfile.chooseFileVerification(TestCasesEditProfile.java:143)
	at java.base/java.util.ArrayList.forEach(ArrayList.java:1511)
... Removed 32 stack frames
</div> <!-- stack-trace -->
                </div> <!-- method-content -->
              </div> <!-- method -->
              <div class="method">
                <div class="method-content">
                  <a name="futureDOBverification">
                  </a> <!-- futureDOBverification -->
                  <span class="method-name">futureDOBverification</span>
                  <div class="stack-trace">org.openqa.selenium.NoAlertPresentException: no such alert
  (Session info: chrome=110.0.5481.178)
Build info: version: &apos;4.6.0&apos;, revision: &apos;79f1c02ae20&apos;
System info: os.name: &apos;Windows 11&apos;, os.arch: &apos;amd64&apos;, os.version: &apos;10.0&apos;, java.version: &apos;17.0.4.1&apos;
Driver info: org.openqa.selenium.chrome.ChromeDriver
Command: [ef07ce3afe165c241a605b5335e980fc, getAlertText {}]
Capabilities {acceptInsecureCerts: false, browserName: chrome, browserVersion: 110.0.5481.178, chrome: {chromedriverVersion: 110.0.5481.77 (65ed616c6e8e..., userDataDir: C:\Users\Sree\AppData\Local...}, goog:chromeOptions: {debuggerAddress: localhost:64191}, networkConnectionEnabled: false, pageLoadStrategy: normal, platformName: WINDOWS, proxy: Proxy(), se:cdp: ws://localhost:64191/devtoo..., se:cdpVersion: 110.0.5481.178, setWindowRect: true, strictFileInteractability: false, timeouts: {implicit: 0, pageLoad: 300000, script: 30000}, unhandledPromptBehavior: dismiss and notify, webauthn:extension:credBlob: true, webauthn:extension:largeBlob: true, webauthn:virtualAuthenticators: true}
Session ID: ef07ce3afe165c241a605b5335e980fc
	at org.openqa.selenium.remote.codec.w3c.W3CHttpResponseCodec.createException(W3CHttpResponseCodec.java:200)
	at org.openqa.selenium.remote.codec.w3c.W3CHttpResponseCodec.decode(W3CHttpResponseCodec.java:133)
	at org.openqa.selenium.remote.codec.w3c.W3CHttpResponseCodec.decode(W3CHttpResponseCodec.java:53)
	at org.openqa.selenium.remote.HttpCommandExecutor.execute(HttpCommandExecutor.java:184)
	at org.openqa.selenium.remote.service.DriverCommandExecutor.invokeExecute(DriverCommandExecutor.java:167)
	at org.openqa.selenium.remote.service.DriverCommandExecutor.execute(DriverCommandExecutor.java:142)
	at org.openqa.selenium.remote.RemoteWebDriver.execute(RemoteWebDriver.java:541)
	at org.openqa.selenium.remote.RemoteWebDriver.execute(RemoteWebDriver.java:596)
	at org.openqa.selenium.remote.RemoteWebDriver.execute(RemoteWebDriver.java:600)
	at org.openqa.selenium.remote.RemoteWebDriver$RemoteTargetLocator.alert(RemoteWebDriver.java:1078)
	at com.qa.pages.EditProfile.alert(EditProfile.java:159)
	at com.qa.testScriptsEditProfile.TestCasesEditProfile.futureDOBverification(TestCasesEditProfile.java:112)
	at java.base/java.util.ArrayList.forEach(ArrayList.java:1511)
... Removed 32 stack frames
</div> <!-- stack-trace -->
                </div> <!-- method-content -->
              </div> <!-- method -->
            </div> <!-- main-panel-content rounded-window-bottom -->
          </div> <!-- suite-Digital_Resume_Builder_Suite-class-failed -->
          <div class="suite-Digital_Resume_Builder_Suite-class-passed">
            <div class="main-panel-header rounded-window-top">
              <img src="passed.png"/>
              <span class="class-name">com.qa.testScriptsSignup.TestCasesSignup</span>
            </div> <!-- main-panel-header rounded-window-top -->
            <div class="main-panel-content rounded-window-bottom">
              <div class="method">
                <div class="method-content">
                  <a name="invalidEmailAddress">
                  </a> <!-- invalidEmailAddress -->
                  <span class="method-name">invalidEmailAddress</span>
                </div> <!-- method-content -->
              </div> <!-- method -->
              <div class="method">
                <div class="method-content">
                  <a name="invalidPassword">
                  </a> <!-- invalidPassword -->
                  <span class="method-name">invalidPassword</span>
                </div> <!-- method-content -->
              </div> <!-- method -->
              <div class="method">
                <div class="method-content">
                  <a name="invalidPhonenumberWithLessthanOrGreaterthan10Numbers">
                  </a> <!-- invalidPhonenumberWithLessthanOrGreaterthan10Numbers -->
                  <span class="method-name">invalidPhonenumberWithLessthanOrGreaterthan10Numbers</span>
                </div> <!-- method-content -->
              </div> <!-- method -->
              <div class="method">
                <div class="method-content">
                  <a name="invalidUsernameWithGreaterthan20Characters">
                  </a> <!-- invalidUsernameWithGreaterthan20Characters -->
                  <span class="method-name">invalidUsernameWithGreaterthan20Characters</span>
                </div> <!-- method-content -->
              </div> <!-- method -->
              <div class="method">
                <div class="method-content">
                  <a name="invalidUsernameWithLessthan4Characters">
                  </a> <!-- invalidUsernameWithLessthan4Characters -->
                  <span class="method-name">invalidUsernameWithLessthan4Characters</span>
                </div> <!-- method-content -->
              </div> <!-- method -->
              <div class="method">
                <div class="method-content">
                  <a name="noData">
                  </a> <!-- noData -->
                  <span class="method-name">noData</span>
                </div> <!-- method-content -->
              </div> <!-- method -->
              <div class="method">
                <div class="method-content">
                  <a name="validData">
                  </a> <!-- validData -->
                  <span class="method-name">validData</span>
                </div> <!-- method-content -->
              </div> <!-- method -->
              <div class="method">
                <div class="method-content">
                  <a name="verifySignupNowButton">
                  </a> <!-- verifySignupNowButton -->
                  <span class="method-name">verifySignupNowButton</span>
                </div> <!-- method-content -->
              </div> <!-- method -->
            </div> <!-- main-panel-content rounded-window-bottom -->
          </div> <!-- suite-Digital_Resume_Builder_Suite-class-passed -->
          <div class="suite-Digital_Resume_Builder_Suite-class-passed">
            <div class="main-panel-header rounded-window-top">
              <img src="passed.png"/>
              <span class="class-name">com.qa.testScriptsHomePage.TestCasesHomePage</span>
            </div> <!-- main-panel-header rounded-window-top -->
            <div class="main-panel-content rounded-window-bottom">
              <div class="method">
                <div class="method-content">
                  <a name="clickCreateYourResumeNow">
                  </a> <!-- clickCreateYourResumeNow -->
                  <span class="method-name">clickCreateYourResumeNow</span>
                </div> <!-- method-content -->
              </div> <!-- method -->
              <div class="method">
                <div class="method-content">
                  <a name="getStarted">
                  </a> <!-- getStarted -->
                  <span class="method-name">getStarted</span>
                </div> <!-- method-content -->
              </div> <!-- method -->
              <div class="method">
                <div class="method-content">
                  <a name="gotoAboutusPage">
                  </a> <!-- gotoAboutusPage -->
                  <span class="method-name">gotoAboutusPage</span>
                </div> <!-- method-content -->
              </div> <!-- method -->
              <div class="method">
                <div class="method-content">
                  <a name="gotoHomePage">
                  </a> <!-- gotoHomePage -->
                  <span class="method-name">gotoHomePage</span>
                </div> <!-- method-content -->
              </div> <!-- method -->
              <div class="method">
                <div class="method-content">
                  <a name="gotoTemplatesOrDesignsPage">
                  </a> <!-- gotoTemplatesOrDesignsPage -->
                  <span class="method-name">gotoTemplatesOrDesignsPage</span>
                </div> <!-- method-content -->
              </div> <!-- method -->
              <div class="method">
                <div class="method-content">
                  <a name="seeMoreTemplates">
                  </a> <!-- seeMoreTemplates -->
                  <span class="method-name">seeMoreTemplates</span>
                </div> <!-- method-content -->
              </div> <!-- method -->
            </div> <!-- main-panel-content rounded-window-bottom -->
          </div> <!-- suite-Digital_Resume_Builder_Suite-class-passed -->
          <div class="suite-Digital_Resume_Builder_Suite-class-passed">
            <div class="main-panel-header rounded-window-top">
              <img src="passed.png"/>
              <span class="class-name">com.qa.testScriptsCreateProfile.TestCasesCreateProfile</span>
            </div> <!-- main-panel-header rounded-window-top -->
            <div class="main-panel-content rounded-window-bottom">
              <div class="method">
                <div class="method-content">
                  <a name="CreateProfile_futuredob">
                  </a> <!-- CreateProfile_futuredob -->
                  <span class="method-name">CreateProfile_futuredob</span>
                </div> <!-- method-content -->
              </div> <!-- method -->
              <div class="method">
                <div class="method-content">
                  <a name="CreateProfile_invalidschoolname">
                  </a> <!-- CreateProfile_invalidschoolname -->
                  <span class="method-name">CreateProfile_invalidschoolname</span>
                </div> <!-- method-content -->
              </div> <!-- method -->
              <div class="method">
                <div class="method-content">
                  <a name="validCreateProfile">
                  </a> <!-- validCreateProfile -->
                  <span class="method-name">validCreateProfile</span>
                </div> <!-- method-content -->
              </div> <!-- method -->
              <div class="method">
                <div class="method-content">
                  <a name="validCreateProfile_option">
                  </a> <!-- validCreateProfile_option -->
                  <span class="method-name">validCreateProfile_option</span>
                </div> <!-- method-content -->
              </div> <!-- method -->
            </div> <!-- main-panel-content rounded-window-bottom -->
          </div> <!-- suite-Digital_Resume_Builder_Suite-class-passed -->
          <div class="suite-Digital_Resume_Builder_Suite-class-passed">
            <div class="main-panel-header rounded-window-top">
              <img src="passed.png"/>
              <span class="class-name">com.qa.testScriptsLogin.TestCasesLogin</span>
            </div> <!-- main-panel-header rounded-window-top -->
            <div class="main-panel-content rounded-window-bottom">
              <div class="method">
                <div class="method-content">
                  <a name="Loginverification">
                  </a> <!-- Loginverification -->
                  <span class="method-name">Loginverification</span>
                </div> <!-- method-content -->
              </div> <!-- method -->
              <div class="method">
                <div class="method-content">
                  <a name="verify_logout_button">
                  </a> <!-- verify_logout_button -->
                  <span class="method-name">verify_logout_button</span>
                </div> <!-- method-content -->
              </div> <!-- method -->
            </div> <!-- main-panel-content rounded-window-bottom -->
          </div> <!-- suite-Digital_Resume_Builder_Suite-class-passed -->
          <div class="suite-Digital_Resume_Builder_Suite-class-passed">
            <div class="main-panel-header rounded-window-top">
              <img src="passed.png"/>
              <span class="class-name">com.qa.testScriptsEditProfile.TestCasesEditProfile</span>
            </div> <!-- main-panel-header rounded-window-top -->
            <div class="main-panel-content rounded-window-bottom">
              <div class="method">
                <div class="method-content">
                  <a name="createProfileWithMandatoryDetails">
                  </a> <!-- createProfileWithMandatoryDetails -->
                  <span class="method-name">createProfileWithMandatoryDetails</span>
                </div> <!-- method-content -->
              </div> <!-- method -->
            </div> <!-- main-panel-content rounded-window-bottom -->
          </div> <!-- suite-Digital_Resume_Builder_Suite-class-passed -->
          <div class="suite-Digital_Resume_Builder_Suite-class-passed">
            <div class="main-panel-header rounded-window-top">
              <img src="passed.png"/>
              <span class="class-name">com.qa.testScriptsDeleteDownload.TestCasesDeleteDownload</span>
            </div> <!-- main-panel-header rounded-window-top -->
            <div class="main-panel-content rounded-window-bottom">
              <div class="method">
                <div class="method-content">
                  <a name="DeleteProfileVerification">
                  </a> <!-- DeleteProfileVerification -->
                  <span class="method-name">DeleteProfileVerification</span>
                </div> <!-- method-content -->
              </div> <!-- method -->
              <div class="method">
                <div class="method-content">
                  <a name="DownloadResumeVerification">
                  </a> <!-- DownloadResumeVerification -->
                  <span class="method-name">DownloadResumeVerification</span>
                </div> <!-- method-content -->
              </div> <!-- method -->
              <div class="method">
                <div class="method-content">
                  <a name="TemplatesVerification">
                  </a> <!-- TemplatesVerification -->
                  <span class="method-name">TemplatesVerification</span>
                </div> <!-- method-content -->
              </div> <!-- method -->
            </div> <!-- main-panel-content rounded-window-bottom -->
          </div> <!-- suite-Digital_Resume_Builder_Suite-class-passed -->
        </div> <!-- panel Digital_Resume_Builder_Suite -->
        <div panel-name="test-xml-Digital_Resume_Builder_Suite" class="panel">
          <div class="main-panel-header rounded-window-top">
            <span class="header-content">D:\Git_Repository\DigitalResumeBuilder\DigitalResumeBuilder\testng.xml</span>
          </div> <!-- main-panel-header rounded-window-top -->
          <div class="main-panel-content rounded-window-bottom">
            <pre>
&lt;?xml version=&quot;1.0&quot; encoding=&quot;UTF-8&quot;?&gt;
&lt;!DOCTYPE suite SYSTEM &quot;https://testng.org/testng-1.0.dtd&quot;&gt;
&lt;suite name=&quot;Digital Resume Builder Suite&quot; guice-stage=&quot;DEVELOPMENT&quot;&gt;
  &lt;test thread-count=&quot;5&quot; name=&quot;DRB Test&quot;&gt;
    &lt;classes&gt;
      &lt;class name=&quot;com.qa.testScriptsHomePage.TestCasesHomePage&quot;/&gt;
      &lt;class name=&quot;com.qa.testScriptsSignup.TestCasesSignup&quot;/&gt;
      &lt;class name=&quot;com.qa.testScriptsLogin.TestCasesLogin&quot;/&gt;
      &lt;class name=&quot;com.qa.testScriptsCreateProfile.TestCasesCreateProfile&quot;/&gt;
      &lt;class name=&quot;com.qa.testScriptsDeleteDownload.TestCasesDeleteDownload&quot;/&gt;
      &lt;class name=&quot;com.qa.testScriptsEditProfile.TestCasesEditProfile&quot;/&gt;
    &lt;/classes&gt;
  &lt;/test&gt; &lt;!-- DRB Test --&gt;
&lt;/suite&gt; &lt;!-- Digital Resume Builder Suite --&gt;
            </pre>
          </div> <!-- main-panel-content rounded-window-bottom -->
        </div> <!-- panel -->
        <div panel-name="testlist-Digital_Resume_Builder_Suite" class="panel">
          <div class="main-panel-header rounded-window-top">
            <span class="header-content">Tests for Digital Resume Builder Suite</span>
          </div> <!-- main-panel-header rounded-window-top -->
          <div class="main-panel-content rounded-window-bottom">
            <ul>
              <li>
                <span class="test-name">DRB Test (6 classes)</span>
              </li>
            </ul>
          </div> <!-- main-panel-content rounded-window-bottom -->
        </div> <!-- panel -->
        <div panel-name="group-Digital_Resume_Builder_Suite" class="panel">
          <div class="main-panel-header rounded-window-top">
            <span class="header-content">Groups for Digital Resume Builder Suite</span>
          </div> <!-- main-panel-header rounded-window-top -->
          <div class="main-panel-content rounded-window-bottom">
          </div> <!-- main-panel-content rounded-window-bottom -->
        </div> <!-- panel -->
        <div panel-name="times-Digital_Resume_Builder_Suite" class="panel">
          <div class="main-panel-header rounded-window-top">
            <span class="header-content">Times for Digital Resume Builder Suite</span>
          </div> <!-- main-panel-header rounded-window-top -->
          <div class="main-panel-content rounded-window-bottom">
            <div class="times-div">
              <script type="text/javascript">
suiteTableInitFunctions.push('tableData_Digital_Resume_Builder_Suite');
function tableData_Digital_Resume_Builder_Suite() {
var data = new google.visualization.DataTable();
data.addColumn('number', 'Number');
data.addColumn('string', 'Method');
data.addColumn('string', 'Class');
data.addColumn('number', 'Time (ms)');
data.addRows(38);
data.setCell(0, 0, 0)
data.setCell(0, 1, 'TemplatesVerification')
data.setCell(0, 2, 'com.qa.testScriptsDeleteDownload.TestCasesDeleteDownload')
data.setCell(0, 3, 54028);
data.setCell(1, 0, 1)
data.setCell(1, 1, 'validCreateProfile_option')
data.setCell(1, 2, 'com.qa.testScriptsCreateProfile.TestCasesCreateProfile')
data.setCell(1, 3, 43301);
data.setCell(2, 0, 2)
data.setCell(2, 1, 'validCreateProfile')
data.setCell(2, 2, 'com.qa.testScriptsCreateProfile.TestCasesCreateProfile')
data.setCell(2, 3, 33841);
data.setCell(3, 0, 3)
data.setCell(3, 1, 'changeNameVerification')
data.setCell(3, 2, 'com.qa.testScriptsEditProfile.TestCasesEditProfile')
data.setCell(3, 3, 32343);
data.setCell(4, 0, 4)
data.setCell(4, 1, 'chooseFileVerification')
data.setCell(4, 2, 'com.qa.testScriptsEditProfile.TestCasesEditProfile')
data.setCell(4, 3, 20728);
data.setCell(5, 0, 5)
data.setCell(5, 1, 'futureDOBverification')
data.setCell(5, 2, 'com.qa.testScriptsEditProfile.TestCasesEditProfile')
data.setCell(5, 3, 19693);
data.setCell(6, 0, 6)
data.setCell(6, 1, 'DeleteProfileVerification')
data.setCell(6, 2, 'com.qa.testScriptsDeleteDownload.TestCasesDeleteDownload')
data.setCell(6, 3, 19667);
data.setCell(7, 0, 7)
data.setCell(7, 1, 'createProfileWithMandatoryDetails')
data.setCell(7, 2, 'com.qa.testScriptsEditProfile.TestCasesEditProfile')
data.setCell(7, 3, 18655);
data.setCell(8, 0, 8)
data.setCell(8, 1, 'CreateProfile_invalidschoolname')
data.setCell(8, 2, 'com.qa.testScriptsCreateProfile.TestCasesCreateProfile')
data.setCell(8, 3, 16970);
data.setCell(9, 0, 9)
data.setCell(9, 1, 'CreateProfile_futuredob')
data.setCell(9, 2, 'com.qa.testScriptsCreateProfile.TestCasesCreateProfile')
data.setCell(9, 3, 16924);
data.setCell(10, 0, 10)
data.setCell(10, 1, 'DownloadResumeVerification')
data.setCell(10, 2, 'com.qa.testScriptsDeleteDownload.TestCasesDeleteDownload')
data.setCell(10, 3, 16653);
data.setCell(11, 0, 11)
data.setCell(11, 1, 'CreateProfile_name')
data.setCell(11, 2, 'com.qa.testScriptsCreateProfile.TestCasesCreateProfile')
data.setCell(11, 3, 16059);
data.setCell(12, 0, 12)
data.setCell(12, 1, 'getStarted')
data.setCell(12, 2, 'com.qa.testScriptsHomePage.TestCasesHomePage')
data.setCell(12, 3, 12209);
data.setCell(13, 0, 13)
data.setCell(13, 1, 'SendWeblinkVerification')
data.setCell(13, 2, 'com.qa.testScriptsDeleteDownload.TestCasesDeleteDownload')
data.setCell(13, 3, 10605);
data.setCell(14, 0, 14)
data.setCell(14, 1, 'clickCreateYourResumeNow')
data.setCell(14, 2, 'com.qa.testScriptsHomePage.TestCasesHomePage')
data.setCell(14, 3, 10274);
data.setCell(15, 0, 15)
data.setCell(15, 1, 'Loginverification')
data.setCell(15, 2, 'com.qa.testScriptsLogin.TestCasesLogin')
data.setCell(15, 3, 9355);
data.setCell(16, 0, 16)
data.setCell(16, 1, 'verify_logout_button')
data.setCell(16, 2, 'com.qa.testScriptsLogin.TestCasesLogin')
data.setCell(16, 3, 9349);
data.setCell(17, 0, 17)
data.setCell(17, 1, 'validData')
data.setCell(17, 2, 'com.qa.testScriptsSignup.TestCasesSignup')
data.setCell(17, 3, 6472);
data.setCell(18, 0, 18)
data.setCell(18, 1, 'invalidUsernameWithLessthan4Characters')
data.setCell(18, 2, 'com.qa.testScriptsSignup.TestCasesSignup')
data.setCell(18, 3, 5812);
data.setCell(19, 0, 19)
data.setCell(19, 1, 'invalidUsernameWithGreaterthan20Characters')
data.setCell(19, 2, 'com.qa.testScriptsSignup.TestCasesSignup')
data.setCell(19, 3, 5796);
data.setCell(20, 0, 20)
data.setCell(20, 1, 'invalidPhonenumberWithLessthanOrGreaterthan10Numbers')
data.setCell(20, 2, 'com.qa.testScriptsSignup.TestCasesSignup')
data.setCell(20, 3, 5766);
data.setCell(21, 0, 21)
data.setCell(21, 1, 'invalidPhonenumberWithCombinationOfCharactersNumbersSpecialSymbols')
data.setCell(21, 2, 'com.qa.testScriptsSignup.TestCasesSignup')
data.setCell(21, 3, 5756);
data.setCell(22, 0, 22)
data.setCell(22, 1, 'invalidPassword')
data.setCell(22, 2, 'com.qa.testScriptsSignup.TestCasesSignup')
data.setCell(22, 3, 5726);
data.setCell(23, 0, 23)
data.setCell(23, 1, 'invalidEmailAddress')
data.setCell(23, 2, 'com.qa.testScriptsSignup.TestCasesSignup')
data.setCell(23, 3, 5669);
data.setCell(24, 0, 24)
data.setCell(24, 1, 'alreadyExistingEmailAddress')
data.setCell(24, 2, 'com.qa.testScriptsSignup.TestCasesSignup')
data.setCell(24, 3, 5631);
data.setCell(25, 0, 25)
data.setCell(25, 1, 'noData')
data.setCell(25, 2, 'com.qa.testScriptsSignup.TestCasesSignup')
data.setCell(25, 3, 5262);
data.setCell(26, 0, 26)
data.setCell(26, 1, 'gotoHomePage')
data.setCell(26, 2, 'com.qa.testScriptsHomePage.TestCasesHomePage')
data.setCell(26, 3, 5107);
data.setCell(27, 0, 27)
data.setCell(27, 1, 'gotoTemplatesOrDesignsPage')
data.setCell(27, 2, 'com.qa.testScriptsHomePage.TestCasesHomePage')
data.setCell(27, 3, 5089);
data.setCell(28, 0, 28)
data.setCell(28, 1, 'gotoAboutusPage')
data.setCell(28, 2, 'com.qa.testScriptsHomePage.TestCasesHomePage')
data.setCell(28, 3, 5088);
data.setCell(29, 0, 29)
data.setCell(29, 1, 'Invalidusernameinvalidpassword')
data.setCell(29, 2, 'com.qa.testScriptsLogin.TestCasesLogin')
data.setCell(29, 3, 4339);
data.setCell(30, 0, 30)
data.setCell(30, 1, 'Invalidusernamevalidpassword')
data.setCell(30, 2, 'com.qa.testScriptsLogin.TestCasesLogin')
data.setCell(30, 3, 4322);
data.setCell(31, 0, 31)
data.setCell(31, 1, 'Invalidpasswordvalidusername')
data.setCell(31, 2, 'com.qa.testScriptsLogin.TestCasesLogin')
data.setCell(31, 3, 4316);
data.setCell(32, 0, 32)
data.setCell(32, 1, 'seeMoreTemplates')
data.setCell(32, 2, 'com.qa.testScriptsHomePage.TestCasesHomePage')
data.setCell(32, 3, 3067);
data.setCell(33, 0, 33)
data.setCell(33, 1, 'incompleteConfirmPassword')
data.setCell(33, 2, 'com.qa.testScriptsSignup.TestCasesSignup')
data.setCell(33, 3, 2699);
data.setCell(34, 0, 34)
data.setCell(34, 1, 'wrongConfirmPassword')
data.setCell(34, 2, 'com.qa.testScriptsSignup.TestCasesSignup')
data.setCell(34, 3, 2638);
data.setCell(35, 0, 35)
data.setCell(35, 1, 'verifySignupNowButton')
data.setCell(35, 2, 'com.qa.testScriptsSignup.TestCasesSignup')
data.setCell(35, 3, 2173);
data.setCell(36, 0, 36)
data.setCell(36, 1, 'nullusernamevalidpassword')
data.setCell(36, 2, 'com.qa.testScriptsLogin.TestCasesLogin')
data.setCell(36, 3, 1127);
data.setCell(37, 0, 37)
data.setCell(37, 1, 'nullpasswordvalidusername')
data.setCell(37, 2, 'com.qa.testScriptsLogin.TestCasesLogin')
data.setCell(37, 3, 1115);
window.suiteTableData['Digital_Resume_Builder_Suite']= { tableData: data, tableDiv: 'times-div-Digital_Resume_Builder_Suite'}
return data;
}
              </script>
              <span class="suite-total-time">Total running time: 7 minutes</span>
              <div id="times-div-Digital_Resume_Builder_Suite">
              </div> <!-- times-div-Digital_Resume_Builder_Suite -->
            </div> <!-- times-div -->
          </div> <!-- main-panel-content rounded-window-bottom -->
        </div> <!-- panel -->
        <div panel-name="reporter-Digital_Resume_Builder_Suite" class="panel">
          <div class="main-panel-header rounded-window-top">
            <span class="header-content">Reporter output for Digital Resume Builder Suite</span>
          </div> <!-- main-panel-header rounded-window-top -->
          <div class="main-panel-content rounded-window-bottom">
          </div> <!-- main-panel-content rounded-window-bottom -->
        </div> <!-- panel -->
        <div panel-name="ignored-methods-Digital_Resume_Builder_Suite" class="panel">
          <div class="main-panel-header rounded-window-top">
            <span class="header-content">0 ignored methods</span>
          </div> <!-- main-panel-header rounded-window-top -->
          <div class="main-panel-content rounded-window-bottom">
          </div> <!-- main-panel-content rounded-window-bottom -->
        </div> <!-- panel -->
        <div panel-name="chronological-Digital_Resume_Builder_Suite" class="panel">
          <div class="main-panel-header rounded-window-top">
            <span class="header-content">Methods in chronological order</span>
          </div> <!-- main-panel-header rounded-window-top -->
          <div class="main-panel-content rounded-window-bottom">
            <div class="chronological-class">
              <div class="chronological-class-name">com.qa.testScriptsHomePage.TestCasesHomePage</div> <!-- chronological-class-name -->
              <div class="configuration-method before">
                <span class="method-name">Setup</span>
                <span class="method-start">0 ms</span>
              </div> <!-- configuration-method before -->
              <div class="test-method">
                <span class="method-name">gotoHomePage</span>
                <span class="method-start">13102 ms</span>
              </div> <!-- test-method -->
              <div class="configuration-method after">
                <span class="method-name">close</span>
                <span class="method-start">18211 ms</span>
              </div> <!-- configuration-method after -->
              <div class="configuration-method before">
                <span class="method-name">Setup</span>
                <span class="method-start">21318 ms</span>
              </div> <!-- configuration-method before -->
              <div class="test-method">
                <span class="method-name">gotoAboutusPage</span>
                <span class="method-start">31450 ms</span>
              </div> <!-- test-method -->
              <div class="configuration-method after">
                <span class="method-name">close</span>
                <span class="method-start">36539 ms</span>
              </div> <!-- configuration-method after -->
              <div class="configuration-method before">
                <span class="method-name">Setup</span>
                <span class="method-start">39624 ms</span>
              </div> <!-- configuration-method before -->
              <div class="test-method">
                <span class="method-name">gotoTemplatesOrDesignsPage</span>
                <span class="method-start">50898 ms</span>
              </div> <!-- test-method -->
              <div class="configuration-method after">
                <span class="method-name">close</span>
                <span class="method-start">55988 ms</span>
              </div> <!-- configuration-method after -->
              <div class="configuration-method before">
                <span class="method-name">Setup</span>
                <span class="method-start">59103 ms</span>
              </div> <!-- configuration-method before -->
              <div class="test-method">
                <span class="method-name">clickCreateYourResumeNow</span>
                <span class="method-start">68946 ms</span>
              </div> <!-- test-method -->
              <div class="configuration-method after">
                <span class="method-name">close</span>
                <span class="method-start">79221 ms</span>
              </div> <!-- configuration-method after -->
              <div class="configuration-method before">
                <span class="method-name">Setup</span>
                <span class="method-start">82332 ms</span>
              </div> <!-- configuration-method before -->
              <div class="test-method">
                <span class="method-name">getStarted</span>
                <span class="method-start">91425 ms</span>
              </div> <!-- test-method -->
              <div class="configuration-method after">
                <span class="method-name">close</span>
                <span class="method-start">103635 ms</span>
              </div> <!-- configuration-method after -->
              <div class="configuration-method before">
                <span class="method-name">Setup</span>
                <span class="method-start">106746 ms</span>
              </div> <!-- configuration-method before -->
              <div class="test-method">
                <span class="method-name">seeMoreTemplates</span>
                <span class="method-start">117666 ms</span>
              </div> <!-- test-method -->
              <div class="configuration-method after">
                <span class="method-name">close</span>
                <span class="method-start">120734 ms</span>
              </div> <!-- configuration-method after -->
            </div> <!-- chronological-class -->
            <div class="chronological-class">
              <div class="chronological-class-name">com.qa.testScriptsSignup.TestCasesSignup</div> <!-- chronological-class-name -->
              <div class="configuration-method before">
                <span class="method-name">Setup</span>
                <span class="method-start">123847 ms</span>
              </div> <!-- configuration-method before -->
              <div class="test-method">
                <span class="method-name">verifySignupNowButton</span>
                <span class="method-start">133434 ms</span>
              </div> <!-- test-method -->
              <div class="configuration-method after">
                <span class="method-name">close</span>
                <span class="method-start">135608 ms</span>
              </div> <!-- configuration-method after -->
              <div class="configuration-method before">
                <span class="method-name">Setup</span>
                <span class="method-start">138711 ms</span>
              </div> <!-- configuration-method before -->
              <div class="test-method">
                <span class="method-name">validData</span>
                <span class="method-start">147733 ms</span>
              </div> <!-- test-method -->
              <div class="configuration-method after">
                <span class="method-name">close</span>
                <span class="method-start">154206 ms</span>
              </div> <!-- configuration-method after -->
              <div class="configuration-method before">
                <span class="method-name">Setup</span>
                <span class="method-start">157313 ms</span>
              </div> <!-- configuration-method before -->
              <div class="test-method">
                <span class="method-name">noData</span>
                <span class="method-start">167471 ms</span>
              </div> <!-- test-method -->
              <div class="configuration-method after">
                <span class="method-name">close</span>
                <span class="method-start">172734 ms</span>
              </div> <!-- configuration-method after -->
              <div class="configuration-method before">
                <span class="method-name">Setup</span>
                <span class="method-start">175855 ms</span>
              </div> <!-- configuration-method before -->
              <div class="test-method">
                <span class="method-name">invalidUsernameWithLessthan4Characters</span>
                <span class="method-start">184685 ms</span>
              </div> <!-- test-method -->
              <div class="configuration-method after">
                <span class="method-name">close</span>
                <span class="method-start">190503 ms</span>
              </div> <!-- configuration-method after -->
              <div class="configuration-method before">
                <span class="method-name">Setup</span>
                <span class="method-start">193607 ms</span>
              </div> <!-- configuration-method before -->
              <div class="test-method">
                <span class="method-name">invalidUsernameWithGreaterthan20Characters</span>
                <span class="method-start">202440 ms</span>
              </div> <!-- test-method -->
              <div class="configuration-method after">
                <span class="method-name">close</span>
                <span class="method-start">208237 ms</span>
              </div> <!-- configuration-method after -->
              <div class="configuration-method before">
                <span class="method-name">Setup</span>
                <span class="method-start">211343 ms</span>
              </div> <!-- configuration-method before -->
              <div class="test-method">
                <span class="method-name">invalidPhonenumberWithLessthanOrGreaterthan10Numbers</span>
                <span class="method-start">220687 ms</span>
              </div> <!-- test-method -->
              <div class="configuration-method after">
                <span class="method-name">close</span>
                <span class="method-start">226454 ms</span>
              </div> <!-- configuration-method after -->
              <div class="configuration-method before">
                <span class="method-name">Setup</span>
                <span class="method-start">229561 ms</span>
              </div> <!-- configuration-method before -->
              <div class="test-method">
                <img src="failed.png">
                </img>
                <span class="method-name">invalidPhonenumberWithCombinationOfCharactersNumbersSpecialSymbols</span>
                <span class="method-start">238446 ms</span>
              </div> <!-- test-method -->
              <div class="configuration-method after">
                <span class="method-name">close</span>
                <span class="method-start">244203 ms</span>
              </div> <!-- configuration-method after -->
              <div class="configuration-method before">
                <span class="method-name">Setup</span>
                <span class="method-start">247314 ms</span>
              </div> <!-- configuration-method before -->
              <div class="test-method">
                <span class="method-name">invalidEmailAddress</span>
                <span class="method-start">259155 ms</span>
              </div> <!-- test-method -->
              <div class="configuration-method after">
                <span class="method-name">close</span>
                <span class="method-start">264826 ms</span>
              </div> <!-- configuration-method after -->
              <div class="configuration-method before">
                <span class="method-name">Setup</span>
                <span class="method-start">267933 ms</span>
              </div> <!-- configuration-method before -->
              <div class="test-method">
                <img src="failed.png">
                </img>
                <span class="method-name">alreadyExistingEmailAddress</span>
                <span class="method-start">278207 ms</span>
              </div> <!-- test-method -->
              <div class="configuration-method after">
                <span class="method-name">close</span>
                <span class="method-start">283840 ms</span>
              </div> <!-- configuration-method after -->
              <div class="configuration-method before">
                <span class="method-name">Setup</span>
                <span class="method-start">286953 ms</span>
              </div> <!-- configuration-method before -->
              <div class="test-method">
                <span class="method-name">invalidPassword</span>
                <span class="method-start">295867 ms</span>
              </div> <!-- test-method -->
              <div class="configuration-method after">
                <span class="method-name">close</span>
                <span class="method-start">301594 ms</span>
              </div> <!-- configuration-method after -->
              <div class="configuration-method before">
                <span class="method-name">Setup</span>
                <span class="method-start">304711 ms</span>
              </div> <!-- configuration-method before -->
              <div class="test-method">
                <img src="failed.png">
                </img>
                <span class="method-name">wrongConfirmPassword</span>
                <span class="method-start">314210 ms</span>
              </div> <!-- test-method -->
              <div class="configuration-method after">
                <span class="method-name">close</span>
                <span class="method-start">316851 ms</span>
              </div> <!-- configuration-method after -->
              <div class="configuration-method before">
                <span class="method-name">Setup</span>
                <span class="method-start">319964 ms</span>
              </div> <!-- configuration-method before -->
              <div class="test-method">
                <img src="failed.png">
                </img>
                <span class="method-name">incompleteConfirmPassword</span>
                <span class="method-start">329901 ms</span>
              </div> <!-- test-method -->
              <div class="configuration-method after">
                <span class="method-name">close</span>
                <span class="method-start">332601 ms</span>
              </div> <!-- configuration-method after -->
            </div> <!-- chronological-class -->
            <div class="chronological-class">
              <div class="chronological-class-name">com.qa.testScriptsLogin.TestCasesLogin</div> <!-- chronological-class-name -->
              <div class="configuration-method before">
                <span class="method-name">Setup</span>
                <span class="method-start">335713 ms</span>
              </div> <!-- configuration-method before -->
              <div class="test-method">
                <span class="method-name">Loginverification</span>
                <span class="method-start">344254 ms</span>
              </div> <!-- test-method -->
              <div class="configuration-method after">
                <span class="method-name">close</span>
                <span class="method-start">353609 ms</span>
              </div> <!-- configuration-method after -->
              <div class="configuration-method before">
                <span class="method-name">Setup</span>
                <span class="method-start">356720 ms</span>
              </div> <!-- configuration-method before -->
              <div class="test-method">
                <img src="failed.png">
                </img>
                <span class="method-name">Invalidusernamevalidpassword</span>
                <span class="method-start">365624 ms</span>
              </div> <!-- test-method -->
              <div class="configuration-method after">
                <span class="method-name">close</span>
                <span class="method-start">369947 ms</span>
              </div> <!-- configuration-method after -->
              <div class="configuration-method before">
                <span class="method-name">Setup</span>
                <span class="method-start">373032 ms</span>
              </div> <!-- configuration-method before -->
              <div class="test-method">
                <img src="failed.png">
                </img>
                <span class="method-name">Invalidpasswordvalidusername</span>
                <span class="method-start">383705 ms</span>
              </div> <!-- test-method -->
              <div class="configuration-method after">
                <span class="method-name">close</span>
                <span class="method-start">388022 ms</span>
              </div> <!-- configuration-method after -->
              <div class="configuration-method before">
                <span class="method-name">Setup</span>
                <span class="method-start">391136 ms</span>
              </div> <!-- configuration-method before -->
              <div class="test-method">
                <img src="failed.png">
                </img>
                <span class="method-name">Invalidusernameinvalidpassword</span>
                <span class="method-start">402320 ms</span>
              </div> <!-- test-method -->
              <div class="configuration-method after">
                <span class="method-name">close</span>
                <span class="method-start">406660 ms</span>
              </div> <!-- configuration-method after -->
              <div class="configuration-method before">
                <span class="method-name">Setup</span>
                <span class="method-start">409765 ms</span>
              </div> <!-- configuration-method before -->
              <div class="test-method">
                <img src="failed.png">
                </img>
                <span class="method-name">nullusernamevalidpassword</span>
                <span class="method-start">425143 ms</span>
              </div> <!-- test-method -->
              <div class="configuration-method after">
                <span class="method-name">close</span>
                <span class="method-start">426271 ms</span>
              </div> <!-- configuration-method after -->
              <div class="configuration-method before">
                <span class="method-name">Setup</span>
                <span class="method-start">429395 ms</span>
              </div> <!-- configuration-method before -->
              <div class="test-method">
                <img src="failed.png">
                </img>
                <span class="method-name">nullpasswordvalidusername</span>
                <span class="method-start">442593 ms</span>
              </div> <!-- test-method -->
              <div class="configuration-method after">
                <span class="method-name">close</span>
                <span class="method-start">443709 ms</span>
              </div> <!-- configuration-method after -->
              <div class="configuration-method before">
                <span class="method-name">Setup</span>
                <span class="method-start">446809 ms</span>
              </div> <!-- configuration-method before -->
              <div class="test-method">
                <span class="method-name">verify_logout_button</span>
                <span class="method-start">460213 ms</span>
              </div> <!-- test-method -->
              <div class="configuration-method after">
                <span class="method-name">close</span>
                <span class="method-start">469563 ms</span>
              </div> <!-- configuration-method after -->
            </div> <!-- chronological-class -->
            <div class="chronological-class">
              <div class="chronological-class-name">com.qa.testScriptsCreateProfile.TestCasesCreateProfile</div> <!-- chronological-class-name -->
              <div class="configuration-method before">
                <span class="method-name">Setup</span>
                <span class="method-start">472682 ms</span>
              </div> <!-- configuration-method before -->
              <div class="configuration-method before">
                <span class="method-name">init</span>
                <span class="method-start">485232 ms</span>
              </div> <!-- configuration-method before -->
              <div class="test-method">
                <span class="method-name">validCreateProfile</span>
                <span class="method-start">485248 ms</span>
              </div> <!-- test-method -->
              <div class="configuration-method after">
                <span class="method-name">close</span>
                <span class="method-start">519091 ms</span>
              </div> <!-- configuration-method after -->
              <div class="configuration-method before">
                <span class="method-name">Setup</span>
                <span class="method-start">522202 ms</span>
              </div> <!-- configuration-method before -->
              <div class="configuration-method before">
                <span class="method-name">init</span>
                <span class="method-start">530152 ms</span>
              </div> <!-- configuration-method before -->
              <div class="test-method">
                <span class="method-name">validCreateProfile_option</span>
                <span class="method-start">530157 ms</span>
              </div> <!-- test-method -->
              <div class="configuration-method after">
                <span class="method-name">close</span>
                <span class="method-start">573459 ms</span>
              </div> <!-- configuration-method after -->
              <div class="configuration-method before">
                <span class="method-name">Setup</span>
                <span class="method-start">576578 ms</span>
              </div> <!-- configuration-method before -->
              <div class="configuration-method before">
                <span class="method-name">init</span>
                <span class="method-start">585512 ms</span>
              </div> <!-- configuration-method before -->
              <div class="test-method">
                <img src="failed.png">
                </img>
                <span class="method-name">CreateProfile_name</span>
                <span class="method-start">585519 ms</span>
              </div> <!-- test-method -->
              <div class="configuration-method after">
                <span class="method-name">close</span>
                <span class="method-start">601578 ms</span>
              </div> <!-- configuration-method after -->
              <div class="configuration-method before">
                <span class="method-name">Setup</span>
                <span class="method-start">604681 ms</span>
              </div> <!-- configuration-method before -->
              <div class="configuration-method before">
                <span class="method-name">init</span>
                <span class="method-start">617855 ms</span>
              </div> <!-- configuration-method before -->
              <div class="test-method">
                <span class="method-name">CreateProfile_futuredob</span>
                <span class="method-start">617862 ms</span>
              </div> <!-- test-method -->
              <div class="configuration-method after">
                <span class="method-name">close</span>
                <span class="method-start">634787 ms</span>
              </div> <!-- configuration-method after -->
              <div class="configuration-method before">
                <span class="method-name">Setup</span>
                <span class="method-start">637901 ms</span>
              </div> <!-- configuration-method before -->
              <div class="configuration-method before">
                <span class="method-name">init</span>
                <span class="method-start">652904 ms</span>
              </div> <!-- configuration-method before -->
              <div class="test-method">
                <span class="method-name">CreateProfile_invalidschoolname</span>
                <span class="method-start">652909 ms</span>
              </div> <!-- test-method -->
              <div class="configuration-method after">
                <span class="method-name">close</span>
                <span class="method-start">669879 ms</span>
              </div> <!-- configuration-method after -->
            </div> <!-- chronological-class -->
            <div class="chronological-class">
              <div class="chronological-class-name">com.qa.testScriptsDeleteDownload.TestCasesDeleteDownload</div> <!-- chronological-class-name -->
              <div class="configuration-method before">
                <span class="method-name">Setup</span>
                <span class="method-start">672995 ms</span>
              </div> <!-- configuration-method before -->
              <div class="test-method">
                <span class="method-name">TemplatesVerification</span>
                <span class="method-start">689451 ms</span>
              </div> <!-- test-method -->
              <div class="configuration-method after">
                <span class="method-name">close</span>
                <span class="method-start">743479 ms</span>
              </div> <!-- configuration-method after -->
              <div class="configuration-method before">
                <span class="method-name">Setup</span>
                <span class="method-start">746587 ms</span>
              </div> <!-- configuration-method before -->
              <div class="test-method">
                <span class="method-name">DownloadResumeVerification</span>
                <span class="method-start">756010 ms</span>
              </div> <!-- test-method -->
              <div class="configuration-method after">
                <span class="method-name">close</span>
                <span class="method-start">772663 ms</span>
              </div> <!-- configuration-method after -->
              <div class="configuration-method before">
                <span class="method-name">Setup</span>
                <span class="method-start">775780 ms</span>
              </div> <!-- configuration-method before -->
              <div class="test-method">
                <img src="failed.png">
                </img>
                <span class="method-name">SendWeblinkVerification</span>
                <span class="method-start">789240 ms</span>
              </div> <!-- test-method -->
              <div class="configuration-method after">
                <span class="method-name">close</span>
                <span class="method-start">799846 ms</span>
              </div> <!-- configuration-method after -->
              <div class="configuration-method before">
                <span class="method-name">Setup</span>
                <span class="method-start">802956 ms</span>
              </div> <!-- configuration-method before -->
              <div class="test-method">
                <span class="method-name">DeleteProfileVerification</span>
                <span class="method-start">817857 ms</span>
              </div> <!-- test-method -->
              <div class="configuration-method after">
                <span class="method-name">close</span>
                <span class="method-start">837525 ms</span>
              </div> <!-- configuration-method after -->
            </div> <!-- chronological-class -->
            <div class="chronological-class">
              <div class="chronological-class-name">com.qa.testScriptsEditProfile.TestCasesEditProfile</div> <!-- chronological-class-name -->
              <div class="configuration-method before">
                <span class="method-name">Setup</span>
                <span class="method-start">840628 ms</span>
              </div> <!-- configuration-method before -->
              <div class="test-method">
                <span class="method-name">createProfileWithMandatoryDetails</span>
                <span class="method-start">854057 ms</span>
              </div> <!-- test-method -->
              <div class="configuration-method after">
                <span class="method-name">close</span>
                <span class="method-start">872713 ms</span>
              </div> <!-- configuration-method after -->
              <div class="configuration-method before">
                <span class="method-name">Setup</span>
                <span class="method-start">875823 ms</span>
              </div> <!-- configuration-method before -->
              <div class="test-method">
                <img src="failed.png">
                </img>
                <span class="method-name">futureDOBverification</span>
                <span class="method-start">896716 ms</span>
              </div> <!-- test-method -->
              <div class="configuration-method after">
                <span class="method-name">close</span>
                <span class="method-start">916412 ms</span>
              </div> <!-- configuration-method after -->
              <div class="configuration-method before">
                <span class="method-name">Setup</span>
                <span class="method-start">919509 ms</span>
              </div> <!-- configuration-method before -->
              <div class="test-method">
                <img src="failed.png">
                </img>
                <span class="method-name">chooseFileVerification</span>
                <span class="method-start">933642 ms</span>
              </div> <!-- test-method -->
              <div class="configuration-method after">
                <span class="method-name">close</span>
                <span class="method-start">954372 ms</span>
              </div> <!-- configuration-method after -->
              <div class="configuration-method before">
                <span class="method-name">Setup</span>
                <span class="method-start">957481 ms</span>
              </div> <!-- configuration-method before -->
              <div class="test-method">
                <img src="failed.png">
                </img>
                <span class="method-name">changeNameVerification</span>
                <span class="method-start">974363 ms</span>
              </div> <!-- test-method -->
              <div class="configuration-method after">
                <span class="method-name">close</span>
                <span class="method-start">1006708 ms</span>
              </div> <!-- configuration-method after -->
          </div> <!-- main-panel-content rounded-window-bottom -->
        </div> <!-- panel -->
      </div> <!-- main-panel-root -->
    </div> <!-- wrapper -->
  </body>
<script type="text/javascript" src="testng-reports2.js"></script>
</html>
